<?xml version="1.0" encoding="UTF-8"?>
<coverage generated="1773422489957" clover="3.2.0">
  <project timestamp="1773422489957" name="All files">
    <metrics statements="587" coveredstatements="570" conditionals="377" coveredconditionals="334" methods="165" coveredmethods="159" elements="1129" coveredelements="1063" complexity="0" loc="587" ncloc="587" packages="7" files="28" classes="28"/>
    <package name="app.dashboard.template">
      <metrics statements="170" coveredstatements="156" conditionals="120" coveredconditionals="99" methods="69" coveredmethods="64"/>
      <file name="inline-edit.tsx" path="/Users/juanjosemarinelli/repositories/vindex/src/app/dashboard/template/inline-edit.tsx">
        <metrics statements="29" coveredstatements="29" conditionals="20" coveredconditionals="18" methods="8" coveredmethods="8"/>
        <line num="1" count="4" type="stmt"/>
        <line num="25" count="576" type="stmt"/>
        <line num="26" count="576" type="stmt"/>
        <line num="27" count="576" type="stmt"/>
        <line num="29" count="576" type="stmt"/>
        <line num="30" count="202" type="stmt"/>
        <line num="33" count="576" type="stmt"/>
        <line num="34" count="227" type="cond" truecount="4" falsecount="0"/>
        <line num="35" count="21" type="stmt"/>
        <line num="36" count="21" type="stmt"/>
        <line num="41" count="15" type="stmt"/>
        <line num="42" count="15" type="cond" truecount="2" falsecount="0"/>
        <line num="43" count="1" type="stmt"/>
        <line num="44" count="1" type="stmt"/>
        <line num="45" count="1" type="stmt"/>
        <line num="47" count="14" type="stmt"/>
        <line num="48" count="14" type="stmt"/>
        <line num="52" count="69" type="cond" truecount="2" falsecount="0"/>
        <line num="53" count="5" type="stmt"/>
        <line num="54" count="5" type="stmt"/>
        <line num="55" count="64" type="cond" truecount="2" falsecount="0"/>
        <line num="56" count="1" type="stmt"/>
        <line num="57" count="1" type="stmt"/>
        <line num="61" count="576" type="cond" truecount="2" falsecount="0"/>
        <line num="62" count="110" type="stmt"/>
        <line num="67" count="69" type="stmt"/>
        <line num="82" count="466" type="stmt"/>
        <line num="84" count="9" type="stmt"/>
        <line num="89" count="1" type="cond" truecount="2" falsecount="2"/>
      </file>
      <file name="item-row.tsx" path="/Users/juanjosemarinelli/repositories/vindex/src/app/dashboard/template/item-row.tsx">
        <metrics statements="5" coveredstatements="5" conditionals="7" coveredconditionals="6" methods="1" coveredmethods="1"/>
        <line num="1" count="3" type="stmt"/>
        <line num="38" count="188" type="stmt"/>
        <line num="41" count="188" type="stmt"/>
        <line num="47" count="188" type="stmt"/>
        <line num="49" count="188" type="stmt"/>
      </file>
      <file name="section-card.tsx" path="/Users/juanjosemarinelli/repositories/vindex/src/app/dashboard/template/section-card.tsx">
        <metrics statements="38" coveredstatements="30" conditionals="35" coveredconditionals="25" methods="22" coveredmethods="18"/>
        <line num="1" count="2" type="stmt"/>
        <line num="57" count="203" type="stmt"/>
        <line num="64" count="203" type="stmt"/>
        <line num="67" count="203" type="stmt"/>
        <line num="75" count="9" type="stmt"/>
        <line num="79" count="2" type="stmt"/>
        <line num="85" count="2" type="stmt"/>
        <line num="89" count="2" type="cond" truecount="1" falsecount="1"/>
        <line num="93" count="3" type="stmt"/>
        <line num="94" count="8" type="cond" truecount="2" falsecount="0"/>
        <line num="96" count="3" type="stmt"/>
        <line num="100" count="1" type="stmt"/>
        <line num="101" count="3" type="stmt"/>
        <line num="102" count="2" type="stmt"/>
        <line num="103" count="1" type="stmt"/>
        <line num="107" count="2" type="stmt"/>
        <line num="108" count="2" type="cond" truecount="3" falsecount="1"/>
        <line num="109" count="2" type="stmt"/>
        <line num="110" count="2" type="stmt"/>
        <line num="111" count="2" type="stmt"/>
        <line num="113" count="6" type="stmt"/>
        <line num="118" count="0" type="stmt"/>
        <line num="119" count="0" type="stmt"/>
        <line num="120" count="0" type="cond" truecount="0" falsecount="5"/>
        <line num="122" count="0" type="stmt"/>
        <line num="123" count="0" type="stmt"/>
        <line num="124" count="0" type="stmt"/>
        <line num="125" count="0" type="stmt"/>
        <line num="127" count="0" type="stmt"/>
        <line num="131" count="203" type="stmt"/>
        <line num="203" count="4" type="stmt"/>
        <line num="253" count="177" type="stmt"/>
        <line num="257" count="177" type="stmt"/>
        <line num="260" count="1" type="stmt"/>
        <line num="261" count="1" type="stmt"/>
        <line num="263" count="2" type="stmt"/>
        <line num="270" count="1" type="stmt"/>
        <line num="271" count="1" type="stmt"/>
      </file>
      <file name="template-editor.tsx" path="/Users/juanjosemarinelli/repositories/vindex/src/app/dashboard/template/template-editor.tsx">
        <metrics statements="95" coveredstatements="89" conditionals="58" coveredconditionals="50" methods="35" coveredmethods="34"/>
        <line num="1" count="1" type="stmt"/>
        <line num="39" count="85" type="stmt"/>
        <line num="40" count="85" type="stmt"/>
        <line num="41" count="85" type="stmt"/>
        <line num="42" count="85" type="stmt"/>
        <line num="43" count="85" type="stmt"/>
        <line num="44" count="85" type="stmt"/>
        <line num="45" count="85" type="stmt"/>
        <line num="48" count="85" type="stmt"/>
        <line num="50" count="50" type="cond" truecount="2" falsecount="0"/>
        <line num="52" count="50" type="stmt"/>
        <line num="56" count="85" type="stmt"/>
        <line num="58" count="0" type="cond" truecount="0" falsecount="2"/>
        <line num="59" count="0" type="stmt"/>
        <line num="62" count="45" type="stmt"/>
        <line num="63" count="45" type="stmt"/>
        <line num="67" count="85" type="stmt"/>
        <line num="76" count="10" type="stmt"/>
        <line num="77" count="10" type="stmt"/>
        <line num="83" count="10" type="stmt"/>
        <line num="84" count="10" type="stmt"/>
        <line num="89" count="10" type="stmt"/>
        <line num="90" count="10" type="cond" truecount="1" falsecount="1"/>
        <line num="91" count="0" type="stmt"/>
        <line num="92" count="0" type="stmt"/>
        <line num="95" count="10" type="stmt"/>
        <line num="96" count="25" type="cond" truecount="2" falsecount="0"/>
        <line num="101" count="1" type="stmt"/>
        <line num="102" count="1" type="stmt"/>
        <line num="103" count="2" type="stmt"/>
        <line num="104" count="1" type="stmt"/>
        <line num="109" count="2" type="stmt"/>
        <line num="110" count="2" type="cond" truecount="3" falsecount="1"/>
        <line num="111" count="2" type="stmt"/>
        <line num="112" count="2" type="stmt"/>
        <line num="113" count="2" type="stmt"/>
        <line num="114" count="4" type="stmt"/>
        <line num="119" count="3" type="stmt"/>
        <line num="120" count="3" type="cond" truecount="4" falsecount="0"/>
        <line num="122" count="1" type="stmt"/>
        <line num="123" count="2" type="stmt"/>
        <line num="124" count="1" type="cond" truecount="3" falsecount="1"/>
        <line num="126" count="1" type="stmt"/>
        <line num="127" count="1" type="stmt"/>
        <line num="128" count="1" type="stmt"/>
        <line num="129" count="1" type="stmt"/>
        <line num="130" count="2" type="stmt"/>
        <line num="136" count="1" type="stmt"/>
        <line num="137" count="1" type="cond" truecount="3" falsecount="1"/>
        <line num="140" count="1" type="stmt"/>
        <line num="141" count="1" type="stmt"/>
        <line num="142" count="1" type="stmt"/>
        <line num="143" count="2" type="stmt"/>
        <line num="144" count="1" type="cond" truecount="3" falsecount="1"/>
        <line num="145" count="1" type="stmt"/>
        <line num="146" count="1" type="stmt"/>
        <line num="147" count="1" type="stmt"/>
        <line num="148" count="1" type="stmt"/>
        <line num="150" count="2" type="stmt"/>
        <line num="152" count="1" type="stmt"/>
        <line num="158" count="85" type="stmt"/>
        <line num="160" count="8" type="cond" truecount="2" falsecount="0"/>
        <line num="161" count="1" type="stmt"/>
        <line num="162" count="1" type="stmt"/>
        <line num="164" count="7" type="cond" truecount="1" falsecount="1"/>
        <line num="165" count="0" type="stmt"/>
        <line num="166" count="0" type="stmt"/>
        <line num="168" count="7" type="stmt"/>
        <line num="169" count="17" type="cond" truecount="2" falsecount="0"/>
        <line num="170" count="1" type="cond" truecount="2" falsecount="0"/>
        <line num="171" count="1" type="stmt"/>
        <line num="173" count="16" type="stmt"/>
        <line num="174" count="16" type="cond" truecount="2" falsecount="0"/>
        <line num="175" count="1" type="stmt"/>
        <line num="176" count="1" type="stmt"/>
        <line num="181" count="5" type="stmt"/>
        <line num="182" count="5" type="stmt"/>
        <line num="188" count="5" type="cond" truecount="2" falsecount="0"/>
        <line num="189" count="3" type="stmt"/>
        <line num="190" count="3" type="stmt"/>
        <line num="191" count="3" type="stmt"/>
        <line num="193" count="2" type="stmt"/>
        <line num="197" count="5" type="stmt"/>
        <line num="200" count="85" type="stmt"/>
        <line num="252" count="4" type="stmt"/>
        <line num="253" count="5" type="stmt"/>
        <line num="254" count="4" type="cond" truecount="2" falsecount="0"/>
        <line num="255" count="3" type="stmt"/>
        <line num="257" count="1" type="stmt"/>
        <line num="262" count="197" type="stmt"/>
        <line num="267" count="197" type="stmt"/>
        <line num="270" count="9" type="stmt"/>
        <line num="271" count="1" type="stmt"/>
        <line num="272" count="1" type="stmt"/>
        <line num="273" count="1" type="stmt"/>
      </file>
      <file name="template-not-found.tsx" path="/Users/juanjosemarinelli/repositories/vindex/src/app/dashboard/template/template-not-found.tsx">
        <metrics statements="1" coveredstatements="1" conditionals="0" coveredconditionals="0" methods="1" coveredmethods="1"/>
        <line num="5" count="2" type="stmt"/>
      </file>
      <file name="template-skeleton.tsx" path="/Users/juanjosemarinelli/repositories/vindex/src/app/dashboard/template/template-skeleton.tsx">
        <metrics statements="2" coveredstatements="2" conditionals="0" coveredconditionals="0" methods="2" coveredmethods="2"/>
        <line num="4" count="2" type="stmt"/>
        <line num="17" count="6" type="stmt"/>
      </file>
    </package>
    <package name="components.inspection">
      <metrics statements="101" coveredstatements="101" conditionals="53" coveredconditionals="51" methods="36" coveredmethods="36"/>
      <file name="checklist-item-card.tsx" path="/Users/juanjosemarinelli/repositories/vindex/src/components/inspection/checklist-item-card.tsx">
        <metrics statements="26" coveredstatements="26" conditionals="10" coveredconditionals="9" methods="10" coveredmethods="10"/>
        <line num="1" count="1" type="stmt"/>
        <line num="9" count="1" type="stmt"/>
        <line num="35" count="19" type="cond" truecount="2" falsecount="0"/>
        <line num="36" count="19" type="stmt"/>
        <line num="37" count="19" type="stmt"/>
        <line num="40" count="19" type="stmt"/>
        <line num="41" count="14" type="cond" truecount="2" falsecount="0"/>
        <line num="45" count="19" type="stmt"/>
        <line num="46" count="17" type="stmt"/>
        <line num="47" count="17" type="cond" truecount="1" falsecount="1"/>
        <line num="48" count="17" type="stmt"/>
        <line num="49" count="17" type="stmt"/>
        <line num="53" count="19" type="stmt"/>
        <line num="54" count="17" type="stmt"/>
        <line num="57" count="19" type="stmt"/>
        <line num="58" count="3" type="stmt"/>
        <line num="59" count="3" type="stmt"/>
        <line num="62" count="3" type="cond" truecount="2" falsecount="0"/>
        <line num="63" count="3" type="stmt"/>
        <line num="64" count="2" type="stmt"/>
        <line num="69" count="19" type="stmt"/>
        <line num="70" count="14" type="stmt"/>
        <line num="71" count="14" type="cond" truecount="2" falsecount="0"/>
        <line num="75" count="19" type="stmt"/>
        <line num="88" count="1" type="stmt"/>
        <line num="107" count="1" type="stmt"/>
      </file>
      <file name="free-text-item-card.tsx" path="/Users/juanjosemarinelli/repositories/vindex/src/components/inspection/free-text-item-card.tsx">
        <metrics statements="24" coveredstatements="24" conditionals="10" coveredconditionals="9" methods="9" coveredmethods="9"/>
        <line num="1" count="1" type="stmt"/>
        <line num="24" count="20" type="cond" truecount="2" falsecount="0"/>
        <line num="25" count="20" type="stmt"/>
        <line num="26" count="20" type="stmt"/>
        <line num="28" count="20" type="stmt"/>
        <line num="29" count="13" type="cond" truecount="2" falsecount="0"/>
        <line num="32" count="20" type="stmt"/>
        <line num="33" count="17" type="stmt"/>
        <line num="34" count="17" type="cond" truecount="1" falsecount="1"/>
        <line num="35" count="17" type="stmt"/>
        <line num="36" count="17" type="stmt"/>
        <line num="40" count="20" type="stmt"/>
        <line num="41" count="17" type="stmt"/>
        <line num="44" count="20" type="stmt"/>
        <line num="45" count="4" type="stmt"/>
        <line num="46" count="4" type="stmt"/>
        <line num="48" count="4" type="cond" truecount="2" falsecount="0"/>
        <line num="49" count="4" type="stmt"/>
        <line num="50" count="2" type="stmt"/>
        <line num="54" count="20" type="stmt"/>
        <line num="55" count="12" type="stmt"/>
        <line num="56" count="12" type="cond" truecount="2" falsecount="0"/>
        <line num="60" count="20" type="stmt"/>
        <line num="75" count="1" type="stmt"/>
      </file>
      <file name="photo-capture.tsx" path="/Users/juanjosemarinelli/repositories/vindex/src/components/inspection/photo-capture.tsx">
        <metrics statements="26" coveredstatements="26" conditionals="17" coveredconditionals="17" methods="8" coveredmethods="8"/>
        <line num="1" count="1" type="stmt"/>
        <line num="14" count="36" type="stmt"/>
        <line num="15" count="36" type="stmt"/>
        <line num="18" count="36" type="stmt"/>
        <line num="19" count="18" type="stmt"/>
        <line num="20" count="18" type="stmt"/>
        <line num="21" count="13" type="cond" truecount="2" falsecount="0"/>
        <line num="22" count="8" type="stmt"/>
        <line num="23" count="5" type="cond" truecount="2" falsecount="0"/>
        <line num="24" count="4" type="stmt"/>
        <line num="27" count="18" type="stmt"/>
        <line num="29" count="18" type="stmt"/>
        <line num="30" count="18" type="stmt"/>
        <line num="31" count="12" type="cond" truecount="2" falsecount="0"/>
        <line num="36" count="36" type="stmt"/>
        <line num="37" count="1" type="stmt"/>
        <line num="40" count="36" type="stmt"/>
        <line num="41" count="3" type="stmt"/>
        <line num="42" count="3" type="cond" truecount="2" falsecount="0"/>
        <line num="43" count="2" type="stmt"/>
        <line num="45" count="2" type="stmt"/>
        <line num="49" count="36" type="stmt"/>
        <line num="71" count="26" type="stmt"/>
        <line num="72" count="26" type="cond" truecount="2" falsecount="0"/>
        <line num="74" count="12" type="stmt"/>
        <line num="87" count="1" type="stmt"/>
      </file>
      <file name="section-tabs.tsx" path="/Users/juanjosemarinelli/repositories/vindex/src/components/inspection/section-tabs.tsx">
        <metrics statements="12" coveredstatements="12" conditionals="10" coveredconditionals="10" methods="5" coveredmethods="5"/>
        <line num="1" count="1" type="stmt"/>
        <line num="23" count="6" type="stmt"/>
        <line num="26" count="6" type="stmt"/>
        <line num="27" count="6" type="stmt"/>
        <line num="34" count="6" type="stmt"/>
        <line num="41" count="18" type="stmt"/>
        <line num="42" count="18" type="stmt"/>
        <line num="43" count="18" type="cond" truecount="2" falsecount="0"/>
        <line num="44" count="18" type="cond" truecount="2" falsecount="0"/>
        <line num="46" count="18" type="stmt"/>
        <line num="49" count="36" type="stmt"/>
        <line num="52" count="1" type="stmt"/>
      </file>
      <file name="status-buttons.tsx" path="/Users/juanjosemarinelli/repositories/vindex/src/components/inspection/status-buttons.tsx">
        <metrics statements="8" coveredstatements="8" conditionals="4" coveredconditionals="4" methods="3" coveredmethods="3"/>
        <line num="1" count="1" type="stmt"/>
        <line num="9" count="1" type="stmt"/>
        <line num="40" count="1" type="stmt"/>
        <line num="53" count="10" type="stmt"/>
        <line num="56" count="40" type="stmt"/>
        <line num="57" count="40" type="stmt"/>
        <line num="59" count="40" type="stmt"/>
        <line num="67" count="4" type="cond" truecount="2" falsecount="0"/>
      </file>
      <file name="sync-indicator.tsx" path="/Users/juanjosemarinelli/repositories/vindex/src/components/inspection/sync-indicator.tsx">
        <metrics statements="5" coveredstatements="5" conditionals="2" coveredconditionals="2" methods="1" coveredmethods="1"/>
        <line num="1" count="1" type="stmt"/>
        <line num="9" count="1" type="stmt"/>
        <line num="21" count="6" type="stmt"/>
        <line num="22" count="6" type="stmt"/>
        <line num="24" count="6" type="stmt"/>
      </file>
    </package>
    <package name="components.layout">
      <metrics statements="7" coveredstatements="7" conditionals="11" coveredconditionals="10" methods="4" coveredmethods="4"/>
      <file name="shell-dashboard.tsx" path="/Users/juanjosemarinelli/repositories/vindex/src/components/layout/shell-dashboard.tsx">
        <metrics statements="4" coveredstatements="4" conditionals="3" coveredconditionals="2" methods="2" coveredmethods="2"/>
        <line num="1" count="1" type="stmt"/>
        <line num="14" count="7" type="stmt"/>
        <line num="16" count="7" type="stmt"/>
        <line num="31" count="1" type="stmt"/>
      </file>
      <file name="shell-field.tsx" path="/Users/juanjosemarinelli/repositories/vindex/src/components/layout/shell-field.tsx">
        <metrics statements="2" coveredstatements="2" conditionals="8" coveredconditionals="8" methods="1" coveredmethods="1"/>
        <line num="1" count="1" type="stmt"/>
        <line num="24" count="9" type="stmt"/>
      </file>
      <file name="shell-public.tsx" path="/Users/juanjosemarinelli/repositories/vindex/src/components/layout/shell-public.tsx">
        <metrics statements="1" coveredstatements="1" conditionals="0" coveredconditionals="0" methods="1" coveredmethods="1"/>
        <line num="5" count="4" type="stmt"/>
      </file>
    </package>
    <package name="lib">
      <metrics statements="57" coveredstatements="57" conditionals="35" coveredconditionals="32" methods="7" coveredmethods="6"/>
      <file name="slug.ts" path="/Users/juanjosemarinelli/repositories/vindex/src/lib/slug.ts">
        <metrics statements="6" coveredstatements="6" conditionals="1" coveredconditionals="1" methods="1" coveredmethods="1"/>
        <line num="6" count="103" type="stmt"/>
        <line num="7" count="103" type="stmt"/>
        <line num="8" count="103" type="stmt"/>
        <line num="9" count="103" type="stmt"/>
        <line num="10" count="920" type="stmt"/>
        <line num="12" count="103" type="stmt"/>
      </file>
      <file name="validators.ts" path="/Users/juanjosemarinelli/repositories/vindex/src/lib/validators.ts">
        <metrics statements="10" coveredstatements="10" conditionals="0" coveredconditionals="0" methods="0" coveredmethods="0"/>
        <line num="6" count="5" type="stmt"/>
        <line num="8" count="5" type="stmt"/>
        <line num="15" count="5" type="stmt"/>
        <line num="25" count="5" type="stmt"/>
        <line num="38" count="5" type="stmt"/>
        <line num="52" count="5" type="stmt"/>
        <line num="59" count="5" type="stmt"/>
        <line num="66" count="5" type="stmt"/>
        <line num="83" count="5" type="stmt"/>
        <line num="90" count="5" type="stmt"/>
      </file>
      <file name="vin.ts" path="/Users/juanjosemarinelli/repositories/vindex/src/lib/vin.ts">
        <metrics statements="41" coveredstatements="41" conditionals="34" coveredconditionals="31" methods="6" coveredmethods="5"/>
        <line num="3" count="1" type="stmt"/>
        <line num="4" count="1" type="stmt"/>
        <line num="5" count="1" type="stmt"/>
        <line num="8" count="1" type="stmt"/>
        <line num="14" count="1" type="stmt"/>
        <line num="17" count="51" type="stmt"/>
        <line num="18" count="51" type="cond" truecount="2" falsecount="0"/>
        <line num="19" count="8" type="cond" truecount="1" falsecount="1"/>
        <line num="23" count="3" type="stmt"/>
        <line num="24" count="3" type="stmt"/>
        <line num="25" count="51" type="stmt"/>
        <line num="27" count="3" type="stmt"/>
        <line num="28" count="3" type="cond" truecount="1" falsecount="1"/>
        <line num="41" count="10" type="cond" truecount="4" falsecount="0"/>
        <line num="42" count="3" type="stmt"/>
        <line num="45" count="7" type="cond" truecount="2" falsecount="0"/>
        <line num="46" count="1" type="stmt"/>
        <line num="49" count="6" type="cond" truecount="2" falsecount="0"/>
        <line num="50" count="3" type="stmt"/>
        <line num="53" count="3" type="stmt"/>
        <line num="54" count="3" type="cond" truecount="2" falsecount="0"/>
        <line num="55" count="1" type="stmt"/>
        <line num="58" count="2" type="stmt"/>
        <line num="65" count="3" type="stmt"/>
        <line num="78" count="1" type="cond" truecount="2" falsecount="0"/>
        <line num="85" count="5" type="stmt"/>
        <line num="86" count="5" type="stmt"/>
        <line num="87" count="5" type="stmt"/>
        <line num="89" count="5" type="stmt"/>
        <line num="93" count="4" type="stmt"/>
        <line num="95" count="4" type="cond" truecount="2" falsecount="0"/>
        <line num="97" count="3" type="stmt"/>
        <line num="98" count="3" type="stmt"/>
        <line num="99" count="5" type="cond" truecount="2" falsecount="0"/>
        <line num="101" count="2" type="cond" truecount="1" falsecount="1"/>
        <line num="102" count="5" type="cond" truecount="2" falsecount="0"/>
        <line num="103" count="5" type="stmt"/>
        <line num="104" count="5" type="cond" truecount="2" falsecount="0"/>
        <line num="105" count="5" type="cond" truecount="2" falsecount="0"/>
        <line num="107" count="5" type="cond" truecount="4" falsecount="0"/>
        <line num="109" count="1" type="stmt"/>
      </file>
    </package>
    <package name="lib.actions">
      <metrics statements="63" coveredstatements="63" conditionals="50" coveredconditionals="46" methods="5" coveredmethods="5"/>
      <file name="inspection.ts" path="/Users/juanjosemarinelli/repositories/vindex/src/lib/actions/inspection.ts">
        <metrics statements="35" coveredstatements="35" conditionals="28" coveredconditionals="26" methods="3" coveredmethods="3"/>
        <line num="1" count="1" type="stmt"/>
        <line num="16" count="11" type="stmt"/>
        <line num="17" count="11" type="cond" truecount="4" falsecount="0"/>
        <line num="18" count="2" type="stmt"/>
        <line num="21" count="9" type="stmt"/>
        <line num="22" count="9" type="cond" truecount="2" falsecount="0"/>
        <line num="23" count="5" type="cond" truecount="1" falsecount="1"/>
        <line num="24" count="5" type="stmt"/>
        <line num="27" count="4" type="stmt"/>
        <line num="28" count="4" type="stmt"/>
        <line num="34" count="2" type="stmt"/>
        <line num="43" count="2" type="cond" truecount="2" falsecount="0"/>
        <line num="44" count="2" type="stmt"/>
        <line num="51" count="10" type="stmt"/>
        <line num="52" count="10" type="cond" truecount="4" falsecount="0"/>
        <line num="53" count="2" type="stmt"/>
        <line num="56" count="8" type="stmt"/>
        <line num="57" count="8" type="cond" truecount="2" falsecount="0"/>
        <line num="58" count="2" type="cond" truecount="1" falsecount="1"/>
        <line num="59" count="2" type="stmt"/>
        <line num="62" count="6" type="stmt"/>
        <line num="63" count="6" type="stmt"/>
        <line num="69" count="4" type="stmt"/>
        <line num="75" count="2" type="cond" truecount="2" falsecount="0"/>
        <line num="76" count="2" type="stmt"/>
        <line num="83" count="7" type="stmt"/>
        <line num="84" count="7" type="cond" truecount="4" falsecount="0"/>
        <line num="85" count="2" type="stmt"/>
        <line num="88" count="5" type="stmt"/>
        <line num="89" count="5" type="stmt"/>
        <line num="90" count="3" type="cond" truecount="2" falsecount="0"/>
        <line num="91" count="2" type="stmt"/>
        <line num="93" count="1" type="stmt"/>
        <line num="96" count="2" type="cond" truecount="2" falsecount="0"/>
        <line num="97" count="2" type="stmt"/>
      </file>
      <file name="template.ts" path="/Users/juanjosemarinelli/repositories/vindex/src/lib/actions/template.ts">
        <metrics statements="14" coveredstatements="14" conditionals="10" coveredconditionals="9" methods="1" coveredmethods="1"/>
        <line num="1" count="1" type="stmt"/>
        <line num="17" count="8" type="stmt"/>
        <line num="18" count="8" type="cond" truecount="4" falsecount="0"/>
        <line num="19" count="2" type="stmt"/>
        <line num="23" count="6" type="stmt"/>
        <line num="24" count="6" type="cond" truecount="2" falsecount="0"/>
        <line num="25" count="3" type="cond" truecount="1" falsecount="1"/>
        <line num="26" count="3" type="stmt"/>
        <line num="29" count="3" type="stmt"/>
        <line num="31" count="3" type="stmt"/>
        <line num="32" count="3" type="stmt"/>
        <line num="40" count="1" type="stmt"/>
        <line num="46" count="2" type="cond" truecount="2" falsecount="0"/>
        <line num="47" count="2" type="stmt"/>
      </file>
      <file name="vehicle.ts" path="/Users/juanjosemarinelli/repositories/vindex/src/lib/actions/vehicle.ts">
        <metrics statements="14" coveredstatements="14" conditionals="12" coveredconditionals="11" methods="1" coveredmethods="1"/>
        <line num="1" count="1" type="stmt"/>
        <line num="30" count="11" type="stmt"/>
        <line num="31" count="11" type="cond" truecount="4" falsecount="0"/>
        <line num="32" count="3" type="stmt"/>
        <line num="35" count="8" type="stmt"/>
        <line num="36" count="8" type="cond" truecount="2" falsecount="0"/>
        <line num="37" count="3" type="cond" truecount="1" falsecount="1"/>
        <line num="38" count="3" type="stmt"/>
        <line num="41" count="5" type="stmt"/>
        <line num="42" count="5" type="stmt"/>
        <line num="47" count="3" type="cond" truecount="2" falsecount="0"/>
        <line num="51" count="1" type="stmt"/>
        <line num="69" count="2" type="cond" truecount="2" falsecount="0"/>
        <line num="70" count="2" type="stmt"/>
      </file>
    </package>
    <package name="lib.services">
      <metrics statements="81" coveredstatements="78" conditionals="68" coveredconditionals="59" methods="8" coveredmethods="8"/>
      <file name="inspection.ts" path="/Users/juanjosemarinelli/repositories/vindex/src/lib/services/inspection.ts">
        <metrics statements="43" coveredstatements="43" conditionals="26" coveredconditionals="25" methods="3" coveredmethods="3"/>
        <line num="48" count="3" type="stmt"/>
        <line num="59" count="3" type="cond" truecount="2" falsecount="0"/>
        <line num="60" count="1" type="stmt"/>
        <line num="64" count="2" type="stmt"/>
        <line num="70" count="2" type="cond" truecount="2" falsecount="0"/>
        <line num="71" count="1" type="stmt"/>
        <line num="74" count="1" type="stmt"/>
        <line num="77" count="1" type="stmt"/>
        <line num="84" count="1" type="stmt"/>
        <line num="87" count="1" type="stmt"/>
        <line num="101" count="1" type="stmt"/>
        <line num="117" count="1" type="stmt"/>
        <line num="119" count="1" type="stmt"/>
        <line num="120" count="1" type="stmt"/>
        <line num="121" count="2" type="stmt"/>
        <line num="130" count="1" type="stmt"/>
        <line num="131" count="1" type="cond" truecount="1" falsecount="1"/>
        <line num="132" count="1" type="stmt"/>
        <line num="138" count="1" type="stmt"/>
        <line num="149" count="4" type="stmt"/>
        <line num="155" count="4" type="cond" truecount="4" falsecount="0"/>
        <line num="157" count="2" type="stmt"/>
        <line num="163" count="2" type="cond" truecount="2" falsecount="0"/>
        <line num="165" count="1" type="stmt"/>
        <line num="170" count="1" type="stmt"/>
        <line num="172" count="1" type="stmt"/>
        <line num="187" count="7" type="stmt"/>
        <line num="193" count="7" type="cond" truecount="2" falsecount="0"/>
        <line num="194" count="1" type="stmt"/>
        <line num="198" count="6" type="stmt"/>
        <line num="204" count="6" type="cond" truecount="2" falsecount="0"/>
        <line num="205" count="1" type="stmt"/>
        <line num="208" count="5" type="cond" truecount="2" falsecount="0"/>
        <line num="209" count="1" type="stmt"/>
        <line num="212" count="4" type="cond" truecount="2" falsecount="0"/>
        <line num="213" count="1" type="stmt"/>
        <line num="217" count="3" type="stmt"/>
        <line num="218" count="3" type="cond" truecount="2" falsecount="0"/>
        <line num="219" count="3" type="cond" truecount="2" falsecount="0"/>
        <line num="221" count="3" type="cond" truecount="2" falsecount="0"/>
        <line num="222" count="1" type="stmt"/>
        <line num="225" count="2" type="stmt"/>
        <line num="231" count="2" type="stmt"/>
      </file>
      <file name="template.ts" path="/Users/juanjosemarinelli/repositories/vindex/src/lib/services/template.ts">
        <metrics statements="13" coveredstatements="13" conditionals="6" coveredconditionals="6" methods="2" coveredmethods="2"/>
        <line num="23" count="3" type="stmt"/>
        <line num="29" count="3" type="cond" truecount="2" falsecount="0"/>
        <line num="31" count="2" type="stmt"/>
        <line num="34" count="2" type="stmt"/>
        <line num="56" count="3" type="stmt"/>
        <line num="64" count="3" type="cond" truecount="2" falsecount="0"/>
        <line num="65" count="1" type="stmt"/>
        <line num="69" count="2" type="stmt"/>
        <line num="80" count="2" type="cond" truecount="2" falsecount="0"/>
        <line num="81" count="1" type="stmt"/>
        <line num="85" count="1" type="stmt"/>
        <line num="86" count="1" type="stmt"/>
        <line num="95" count="1" type="stmt"/>
      </file>
      <file name="vehicle.ts" path="/Users/juanjosemarinelli/repositories/vindex/src/lib/services/vehicle.ts">
        <metrics statements="25" coveredstatements="22" conditionals="36" coveredconditionals="28" methods="3" coveredmethods="3"/>
        <line num="12" count="7" type="stmt"/>
        <line num="18" count="7" type="cond" truecount="2" falsecount="0"/>
        <line num="35" count="4" type="stmt"/>
        <line num="37" count="4" type="stmt"/>
        <line num="39" count="4" type="cond" truecount="2" falsecount="0"/>
        <line num="41" count="3" type="stmt"/>
        <line num="42" count="3" type="cond" truecount="3" falsecount="1"/>
        <line num="43" count="0" type="stmt"/>
        <line num="44" count="3" type="cond" truecount="4" falsecount="0"/>
        <line num="45" count="1" type="stmt"/>
        <line num="46" count="3" type="cond" truecount="4" falsecount="0"/>
        <line num="47" count="1" type="stmt"/>
        <line num="48" count="3" type="cond" truecount="2" falsecount="2"/>
        <line num="49" count="0" type="stmt"/>
        <line num="50" count="3" type="cond" truecount="2" falsecount="2"/>
        <line num="51" count="0" type="stmt"/>
        <line num="53" count="3" type="cond" truecount="2" falsecount="0"/>
        <line num="54" count="1" type="stmt"/>
        <line num="58" count="3" type="stmt"/>
        <line num="64" count="3" type="stmt"/>
        <line num="68" count="1" type="stmt"/>
        <line num="81" count="1" type="stmt"/>
        <line num="88" count="2" type="stmt"/>
        <line num="89" count="2" type="stmt"/>
        <line num="93" count="2" type="stmt"/>
      </file>
    </package>
    <package name="offline">
      <metrics statements="108" coveredstatements="108" conditionals="40" coveredconditionals="37" methods="36" coveredmethods="36"/>
      <file name="dexie.ts" path="/Users/juanjosemarinelli/repositories/vindex/src/offline/dexie.ts">
        <metrics statements="12" coveredstatements="12" conditionals="0" coveredconditionals="0" methods="10" coveredmethods="10"/>
        <line num="21" count="1" type="stmt"/>
        <line num="23" count="1" type="stmt"/>
        <line num="32" count="1" type="stmt"/>
        <line num="37" count="1" type="stmt"/>
        <line num="41" count="2" type="stmt"/>
        <line num="45" count="1" type="stmt"/>
        <line num="49" count="2" type="stmt"/>
        <line num="53" count="1" type="stmt"/>
        <line num="57" count="1" type="stmt"/>
        <line num="61" count="1" type="stmt"/>
        <line num="65" count="1" type="stmt"/>
        <line num="69" count="1" type="stmt"/>
      </file>
      <file name="hooks.ts" path="/Users/juanjosemarinelli/repositories/vindex/src/offline/hooks.ts">
        <metrics statements="53" coveredstatements="53" conditionals="20" coveredconditionals="17" methods="17" coveredmethods="17"/>
        <line num="1" count="1" type="stmt"/>
        <line num="15" count="6" type="stmt"/>
        <line num="19" count="6" type="stmt"/>
        <line num="20" count="4" type="stmt"/>
        <line num="21" count="4" type="stmt"/>
        <line num="23" count="4" type="stmt"/>
        <line num="24" count="4" type="stmt"/>
        <line num="26" count="4" type="stmt"/>
        <line num="27" count="4" type="stmt"/>
        <line num="28" count="4" type="stmt"/>
        <line num="32" count="6" type="stmt"/>
        <line num="38" count="11" type="stmt"/>
        <line num="39" count="11" type="stmt"/>
        <line num="41" count="11" type="stmt"/>
        <line num="42" count="5" type="cond" truecount="2" falsecount="0"/>
        <line num="43" count="1" type="stmt"/>
        <line num="44" count="1" type="stmt"/>
        <line num="47" count="4" type="stmt"/>
        <line num="48" count="4" type="cond" truecount="2" falsecount="0"/>
        <line num="49" count="4" type="stmt"/>
        <line num="53" count="11" type="stmt"/>
        <line num="55" count="2" type="cond" truecount="2" falsecount="0"/>
        <line num="56" count="1" type="stmt"/>
        <line num="57" count="1" type="stmt"/>
        <line num="58" count="1" type="stmt"/>
        <line num="63" count="11" type="stmt"/>
        <line num="71" count="22" type="stmt"/>
        <line num="72" count="22" type="stmt"/>
        <line num="75" count="22" type="stmt"/>
        <line num="76" count="10" type="cond" truecount="2" falsecount="0"/>
        <line num="77" count="3" type="stmt"/>
        <line num="84" count="22" type="stmt"/>
        <line num="86" count="4" type="stmt"/>
        <line num="88" count="4" type="cond" truecount="2" falsecount="0"/>
        <line num="89" count="3" type="stmt"/>
        <line num="90" count="3" type="stmt"/>
        <line num="99" count="3" type="stmt"/>
        <line num="100" count="3" type="cond" truecount="1" falsecount="1"/>
        <line num="101" count="3" type="stmt"/>
        <line num="103" count="1" type="stmt"/>
        <line num="112" count="22" type="stmt"/>
        <line num="114" count="3" type="stmt"/>
        <line num="116" count="3" type="cond" truecount="2" falsecount="0"/>
        <line num="117" count="2" type="stmt"/>
        <line num="118" count="2" type="stmt"/>
        <line num="127" count="2" type="stmt"/>
        <line num="128" count="2" type="cond" truecount="1" falsecount="1"/>
        <line num="129" count="2" type="stmt"/>
        <line num="131" count="1" type="stmt"/>
        <line num="138" count="22" type="stmt"/>
        <line num="139" count="9" type="stmt"/>
        <line num="140" count="9" type="cond" truecount="2" falsecount="0"/>
        <line num="144" count="22" type="stmt"/>
      </file>
      <file name="photo-queue.ts" path="/Users/juanjosemarinelli/repositories/vindex/src/offline/photo-queue.ts">
        <metrics statements="33" coveredstatements="33" conditionals="10" coveredconditionals="10" methods="8" coveredmethods="8"/>
        <line num="1" count="1" type="stmt"/>
        <line num="15" count="9" type="stmt"/>
        <line num="16" count="9" type="stmt"/>
        <line num="17" count="9" type="stmt"/>
        <line num="19" count="9" type="stmt"/>
        <line num="20" count="8" type="stmt"/>
        <line num="22" count="8" type="stmt"/>
        <line num="23" count="8" type="cond" truecount="2" falsecount="0"/>
        <line num="24" count="1" type="stmt"/>
        <line num="25" count="1" type="stmt"/>
        <line num="28" count="8" type="stmt"/>
        <line num="29" count="8" type="stmt"/>
        <line num="30" count="8" type="stmt"/>
        <line num="32" count="8" type="stmt"/>
        <line num="33" count="8" type="cond" truecount="2" falsecount="0"/>
        <line num="34" count="1" type="stmt"/>
        <line num="35" count="1" type="stmt"/>
        <line num="38" count="7" type="stmt"/>
        <line num="40" count="7" type="stmt"/>
        <line num="42" count="7" type="cond" truecount="2" falsecount="0"/>
        <line num="43" count="1" type="stmt"/>
        <line num="50" count="9" type="stmt"/>
        <line num="51" count="1" type="stmt"/>
        <line num="52" count="1" type="stmt"/>
        <line num="55" count="9" type="stmt"/>
        <line num="67" count="3" type="stmt"/>
        <line num="69" count="3" type="stmt"/>
        <line num="70" count="3" type="cond" truecount="2" falsecount="0"/>
        <line num="71" count="2" type="stmt"/>
        <line num="72" count="2" type="stmt"/>
        <line num="74" count="3" type="stmt"/>
        <line num="85" count="3" type="stmt"/>
        <line num="86" count="3" type="stmt"/>
      </file>
      <file name="sync.ts" path="/Users/juanjosemarinelli/repositories/vindex/src/offline/sync.ts">
        <metrics statements="10" coveredstatements="10" conditionals="10" coveredconditionals="10" methods="1" coveredmethods="1"/>
        <line num="1" count="1" type="stmt"/>
        <line num="11" count="8" type="stmt"/>
        <line num="13" count="8" type="stmt"/>
        <line num="14" count="8" type="stmt"/>
        <line num="15" count="8" type="cond" truecount="2" falsecount="0"/>
        <line num="16" count="7" type="stmt"/>
        <line num="17" count="6" type="cond" truecount="4" falsecount="0"/>
        <line num="18" count="2" type="stmt"/>
        <line num="19" count="4" type="cond" truecount="4" falsecount="0"/>
        <line num="21" count="1" type="stmt"/>
      </file>
    </package>
  </project>
</coverage>
