{"/Users/juanjosemarinelli/repositories/vindex/src/app/dashboard/template/inline-edit.tsx": {"path":"/Users/juanjosemarinelli/repositories/vindex/src/app/dashboard/template/inline-edit.tsx","statementMap":{"0":{"start":{"line":1,"column":0},"end":{"line":1,"column":null}},"1":{"start":{"line":25,"column":18},"end":{"line":25,"column":51}},"2":{"start":{"line":26,"column":16},"end":{"line":26,"column":43}},"3":{"start":{"line":27,"column":8},"end":{"line":27,"column":49}},"4":{"start":{"line":29,"column":2},"end":{"line":31,"column":null}},"5":{"start":{"line":30,"column":4},"end":{"line":30,"column":null}},"6":{"start":{"line":33,"column":2},"end":{"line":38,"column":null}},"7":{"start":{"line":34,"column":4},"end":{"line":36,"column":null}},"8":{"start":{"line":35,"column":6},"end":{"line":35,"column":null}},"9":{"start":{"line":36,"column":6},"end":{"line":36,"column":null}},"10":{"start":{"line":41,"column":20},"end":{"line":41,"column":32}},"11":{"start":{"line":42,"column":4},"end":{"line":45,"column":null}},"12":{"start":{"line":43,"column":6},"end":{"line":43,"column":null}},"13":{"start":{"line":44,"column":6},"end":{"line":44,"column":null}},"14":{"start":{"line":45,"column":6},"end":{"line":45,"column":null}},"15":{"start":{"line":47,"column":4},"end":{"line":47,"column":null}},"16":{"start":{"line":48,"column":4},"end":{"line":48,"column":null}},"17":{"start":{"line":52,"column":4},"end":{"line":57,"column":null}},"18":{"start":{"line":53,"column":6},"end":{"line":53,"column":null}},"19":{"start":{"line":54,"column":6},"end":{"line":54,"column":null}},"20":{"start":{"line":55,"column":15},"end":{"line":57,"column":null}},"21":{"start":{"line":56,"column":6},"end":{"line":56,"column":null}},"22":{"start":{"line":57,"column":6},"end":{"line":57,"column":null}},"23":{"start":{"line":61,"column":2},"end":{"line":78,"column":null}},"24":{"start":{"line":62,"column":4},"end":{"line":78,"column":null}},"25":{"start":{"line":67,"column":25},"end":{"line":67,"column":49}},"26":{"start":{"line":82,"column":2},"end":{"line":93,"column":null}},"27":{"start":{"line":84,"column":21},"end":{"line":84,"column":37}},"28":{"start":{"line":89,"column":8},"end":{"line":89,"column":null}},"29":{"start":{"line":89,"column":48},"end":{"line":89,"column":null}}},"fnMap":{"0":{"name":"InlineEdit","decl":{"start":{"line":16,"column":16},"end":{"line":16,"column":27}},"loc":{"start":{"line":24,"column":20},"end":{"line":93,"column":null}},"line":24},"1":{"name":"(anonymous_1)","decl":{"start":{"line":29,"column":2},"end":{"line":29,"column":18}},"loc":{"start":{"line":29,"column":18},"end":{"line":31,"column":6}},"line":29},"2":{"name":"(anonymous_2)","decl":{"start":{"line":33,"column":2},"end":{"line":33,"column":18}},"loc":{"start":{"line":33,"column":18},"end":{"line":38,"column":6}},"line":33},"3":{"name":"confirm","decl":{"start":{"line":40,"column":11},"end":{"line":40,"column":21}},"loc":{"start":{"line":40,"column":21},"end":{"line":48,"column":null}},"line":40},"4":{"name":"handleKeyDown","decl":{"start":{"line":51,"column":11},"end":{"line":51,"column":25}},"loc":{"start":{"line":51,"column":49},"end":{"line":57,"column":null}},"line":51},"5":{"name":"(anonymous_5)","decl":{"start":{"line":67,"column":8},"end":{"line":67,"column":19}},"loc":{"start":{"line":67,"column":25},"end":{"line":67,"column":49}},"line":67},"6":{"name":"(anonymous_6)","decl":{"start":{"line":84,"column":6},"end":{"line":84,"column":21}},"loc":{"start":{"line":84,"column":21},"end":{"line":84,"column":37}},"line":84},"7":{"name":"(anonymous_7)","decl":{"start":{"line":88,"column":6},"end":{"line":88,"column":18}},"loc":{"start":{"line":88,"column":24},"end":{"line":89,"column":null}},"line":88}},"branchMap":{"0":{"loc":{"start":{"line":22,"column":2},"end":{"line":22,"column":null}},"type":"default-arg","locations":[{"start":{"line":22,"column":17},"end":{"line":22,"column":null}}],"line":22},"1":{"loc":{"start":{"line":23,"column":2},"end":{"line":23,"column":null}},"type":"default-arg","locations":[{"start":{"line":23,"column":14},"end":{"line":23,"column":null}}],"line":23},"2":{"loc":{"start":{"line":34,"column":4},"end":{"line":36,"column":null}},"type":"if","locations":[{"start":{"line":34,"column":4},"end":{"line":36,"column":null}},{"start":{},"end":{}}],"line":34},"3":{"loc":{"start":{"line":34,"column":8},"end":{"line":34,"column":37}},"type":"binary-expr","locations":[{"start":{"line":34,"column":8},"end":{"line":34,"column":19}},{"start":{"line":34,"column":19},"end":{"line":34,"column":37}}],"line":34},"4":{"loc":{"start":{"line":42,"column":4},"end":{"line":45,"column":null}},"type":"if","locations":[{"start":{"line":42,"column":4},"end":{"line":45,"column":null}},{"start":{},"end":{}}],"line":42},"5":{"loc":{"start":{"line":52,"column":4},"end":{"line":57,"column":null}},"type":"if","locations":[{"start":{"line":52,"column":4},"end":{"line":57,"column":null}},{"start":{"line":55,"column":15},"end":{"line":57,"column":null}}],"line":52},"6":{"loc":{"start":{"line":55,"column":15},"end":{"line":57,"column":null}},"type":"if","locations":[{"start":{"line":55,"column":15},"end":{"line":57,"column":null}},{"start":{},"end":{}}],"line":55},"7":{"loc":{"start":{"line":61,"column":2},"end":{"line":78,"column":null}},"type":"if","locations":[{"start":{"line":61,"column":2},"end":{"line":78,"column":null}},{"start":{},"end":{}}],"line":61},"8":{"loc":{"start":{"line":89,"column":8},"end":{"line":89,"column":null}},"type":"if","locations":[{"start":{"line":89,"column":8},"end":{"line":89,"column":null}},{"start":{},"end":{}}],"line":89},"9":{"loc":{"start":{"line":89,"column":12},"end":{"line":89,"column":48}},"type":"binary-expr","locations":[{"start":{"line":89,"column":12},"end":{"line":89,"column":33}},{"start":{"line":89,"column":33},"end":{"line":89,"column":48}}],"line":89},"10":{"loc":{"start":{"line":92,"column":7},"end":{"line":92,"column":null}},"type":"binary-expr","locations":[{"start":{"line":92,"column":7},"end":{"line":92,"column":16}},{"start":{"line":92,"column":16},"end":{"line":92,"column":null}}],"line":92}},"s":{"0":4,"1":576,"2":576,"3":576,"4":576,"5":202,"6":576,"7":227,"8":21,"9":21,"10":15,"11":15,"12":1,"13":1,"14":1,"15":14,"16":14,"17":69,"18":5,"19":5,"20":64,"21":1,"22":1,"23":576,"24":110,"25":69,"26":466,"27":9,"28":1,"29":1},"f":{"0":576,"1":202,"2":227,"3":15,"4":69,"5":69,"6":9,"7":1},"b":{"0":[576],"1":[576],"2":[21,206],"3":[227,21],"4":[1,14],"5":[5,64],"6":[1,63],"7":[110,466],"8":[1,0],"9":[1,0],"10":[466,13]},"meta":{"lastBranch":11,"lastFunction":8,"lastStatement":30,"seen":{"s:1:0:1:Infinity":0,"f:16:16:16:27":0,"b:22:17:22:Infinity":0,"b:23:14:23:Infinity":1,"s:25:18:25:51":1,"s:26:16:26:43":2,"s:27:8:27:49":3,"s:29:2:31:Infinity":4,"f:29:2:29:18":1,"s:30:4:30:Infinity":5,"s:33:2:38:Infinity":6,"f:33:2:33:18":2,"b:34:4:36:Infinity:undefined:undefined:undefined:undefined":2,"s:34:4:36:Infinity":7,"b:34:8:34:19:34:19:34:37":3,"s:35:6:35:Infinity":8,"s:36:6:36:Infinity":9,"f:40:11:40:21":3,"s:41:20:41:32":10,"b:42:4:45:Infinity:undefined:undefined:undefined:undefined":4,"s:42:4:45:Infinity":11,"s:43:6:43:Infinity":12,"s:44:6:44:Infinity":13,"s:45:6:45:Infinity":14,"s:47:4:47:Infinity":15,"s:48:4:48:Infinity":16,"f:51:11:51:25":4,"b:52:4:57:Infinity:55:15:57:Infinity":5,"s:52:4:57:Infinity":17,"s:53:6:53:Infinity":18,"s:54:6:54:Infinity":19,"b:55:15:57:Infinity:undefined:undefined:undefined:undefined":6,"s:55:15:57:Infinity":20,"s:56:6:56:Infinity":21,"s:57:6:57:Infinity":22,"b:61:2:78:Infinity:undefined:undefined:undefined:undefined":7,"s:61:2:78:Infinity":23,"s:62:4:78:Infinity":24,"f:67:8:67:19":5,"s:67:25:67:49":25,"s:82:2:93:Infinity":26,"f:84:6:84:21":6,"s:84:21:84:37":27,"f:88:6:88:18":7,"b:89:8:89:Infinity:undefined:undefined:undefined:undefined":8,"s:89:8:89:Infinity":28,"b:89:12:89:33:89:33:89:48":9,"s:89:48:89:Infinity":29,"b:92:7:92:16:92:16:92:Infinity":10}}}
,"/Users/juanjosemarinelli/repositories/vindex/src/app/dashboard/template/item-row.tsx": {"path":"/Users/juanjosemarinelli/repositories/vindex/src/app/dashboard/template/item-row.tsx","statementMap":{"0":{"start":{"line":1,"column":0},"end":{"line":1,"column":null}},"1":{"start":{"line":38,"column":4},"end":{"line":39,"column":34}},"2":{"start":{"line":41,"column":16},"end":{"line":45,"column":null}},"3":{"start":{"line":47,"column":22},"end":{"line":47,"column":null}},"4":{"start":{"line":49,"column":2},"end":{"line":120,"column":null}}},"fnMap":{"0":{"name":"ItemRow","decl":{"start":{"line":21,"column":16},"end":{"line":21,"column":24}},"loc":{"start":{"line":31,"column":17},"end":{"line":120,"column":null}},"line":31}},"branchMap":{"0":{"loc":{"start":{"line":30,"column":2},"end":{"line":30,"column":null}},"type":"default-arg","locations":[{"start":{"line":30,"column":14},"end":{"line":30,"column":null}}],"line":30},"1":{"loc":{"start":{"line":44,"column":13},"end":{"line":44,"column":null}},"type":"cond-expr","locations":[{"start":{"line":44,"column":26},"end":{"line":44,"column":32}},{"start":{"line":44,"column":32},"end":{"line":44,"column":null}}],"line":44},"2":{"loc":{"start":{"line":85,"column":12},"end":{"line":87,"column":null}},"type":"cond-expr","locations":[{"start":{"line":86,"column":16},"end":{"line":86,"column":null}},{"start":{"line":87,"column":16},"end":{"line":87,"column":null}}],"line":85},"3":{"loc":{"start":{"line":90,"column":11},"end":{"line":90,"column":null}},"type":"cond-expr","locations":[{"start":{"line":90,"column":25},"end":{"line":90,"column":41}},{"start":{"line":90,"column":41},"end":{"line":90,"column":null}}],"line":90}},"s":{"0":3,"1":188,"2":188,"3":188,"4":188},"f":{"0":188},"b":{"0":[188],"1":[0,188],"2":[184,4],"3":[184,4]},"meta":{"lastBranch":4,"lastFunction":1,"lastStatement":5,"seen":{"s:1:0:1:Infinity":0,"f:21:16:21:24":0,"b:30:14:30:Infinity":0,"s:38:4:39:34":1,"s:41:16:45:Infinity":2,"b:44:26:44:32:44:32:44:Infinity":1,"s:47:22:47:Infinity":3,"s:49:2:120:Infinity":4,"b:86:16:86:Infinity:87:16:87:Infinity":2,"b:90:25:90:41:90:41:90:Infinity":3}}}
,"/Users/juanjosemarinelli/repositories/vindex/src/app/dashboard/template/section-card.tsx": {"path":"/Users/juanjosemarinelli/repositories/vindex/src/app/dashboard/template/section-card.tsx","statementMap":{"0":{"start":{"line":1,"column":0},"end":{"line":1,"column":null}},"1":{"start":{"line":57,"column":19},"end":{"line":57,"column":59}},"2":{"start":{"line":64,"column":4},"end":{"line":65,"column":37}},"3":{"start":{"line":67,"column":16},"end":{"line":72,"column":null}},"4":{"start":{"line":75,"column":4},"end":{"line":75,"column":null}},"5":{"start":{"line":79,"column":34},"end":{"line":84,"column":null}},"6":{"start":{"line":85,"column":4},"end":{"line":88,"column":null}},"7":{"start":{"line":89,"column":4},"end":{"line":89,"column":null}},"8":{"start":{"line":89,"column":19},"end":{"line":89,"column":null}},"9":{"start":{"line":93,"column":18},"end":{"line":94,"column":null}},"10":{"start":{"line":94,"column":6},"end":{"line":94,"column":null}},"11":{"start":{"line":96,"column":4},"end":{"line":96,"column":null}},"12":{"start":{"line":100,"column":18},"end":{"line":102,"column":48}},"13":{"start":{"line":101,"column":24},"end":{"line":101,"column":36}},"14":{"start":{"line":102,"column":25},"end":{"line":102,"column":48}},"15":{"start":{"line":103,"column":4},"end":{"line":103,"column":null}},"16":{"start":{"line":107,"column":21},"end":{"line":107,"column":null}},"17":{"start":{"line":108,"column":4},"end":{"line":108,"column":null}},"18":{"start":{"line":108,"column":58},"end":{"line":108,"column":null}},"19":{"start":{"line":109,"column":18},"end":{"line":109,"column":36}},"20":{"start":{"line":110,"column":4},"end":{"line":110,"column":null}},"21":{"start":{"line":111,"column":4},"end":{"line":114,"column":null}},"22":{"start":{"line":113,"column":37},"end":{"line":113,"column":null}},"23":{"start":{"line":118,"column":21},"end":{"line":118,"column":70}},"24":{"start":{"line":118,"column":52},"end":{"line":118,"column":70}},"25":{"start":{"line":119,"column":21},"end":{"line":119,"column":68}},"26":{"start":{"line":119,"column":52},"end":{"line":119,"column":68}},"27":{"start":{"line":120,"column":4},"end":{"line":120,"column":null}},"28":{"start":{"line":120,"column":69},"end":{"line":120,"column":null}},"29":{"start":{"line":122,"column":18},"end":{"line":122,"column":36}},"30":{"start":{"line":123,"column":20},"end":{"line":123,"column":45}},"31":{"start":{"line":124,"column":4},"end":{"line":124,"column":null}},"32":{"start":{"line":125,"column":4},"end":{"line":128,"column":null}},"33":{"start":{"line":127,"column":37},"end":{"line":127,"column":null}},"34":{"start":{"line":131,"column":2},"end":{"line":284,"column":null}},"35":{"start":{"line":203,"column":27},"end":{"line":203,"column":49}},"36":{"start":{"line":253,"column":44},"end":{"line":253,"column":49}},"37":{"start":{"line":257,"column":14},"end":{"line":275,"column":null}},"38":{"start":{"line":260,"column":36},"end":{"line":260,"column":63}},"39":{"start":{"line":261,"column":32},"end":{"line":261,"column":49}},"40":{"start":{"line":263,"column":18},"end":{"line":268,"column":20}},"41":{"start":{"line":270,"column":32},"end":{"line":270,"column":51}},"42":{"start":{"line":271,"column":34},"end":{"line":271,"column":52}}},"fnMap":{"0":{"name":"SectionCard","decl":{"start":{"line":45,"column":16},"end":{"line":45,"column":28}},"loc":{"start":{"line":56,"column":21},"end":{"line":284,"column":null}},"line":56},"1":{"name":"renameSection","decl":{"start":{"line":74,"column":11},"end":{"line":74,"column":25}},"loc":{"start":{"line":74,"column":39},"end":{"line":75,"column":null}},"line":74},"2":{"name":"addItem","decl":{"start":{"line":78,"column":11},"end":{"line":78,"column":21}},"loc":{"start":{"line":78,"column":21},"end":{"line":89,"column":null}},"line":78},"3":{"name":"updateItem","decl":{"start":{"line":92,"column":11},"end":{"line":92,"column":22}},"loc":{"start":{"line":92,"column":69},"end":{"line":96,"column":null}},"line":92},"4":{"name":"(anonymous_4)","decl":{"start":{"line":93,"column":32},"end":{"line":93,"column":37}},"loc":{"start":{"line":94,"column":6},"end":{"line":94,"column":null}},"line":94},"5":{"name":"deleteItem","decl":{"start":{"line":99,"column":11},"end":{"line":99,"column":22}},"loc":{"start":{"line":99,"column":37},"end":{"line":103,"column":null}},"line":99},"6":{"name":"(anonymous_6)","decl":{"start":{"line":101,"column":7},"end":{"line":101,"column":15}},"loc":{"start":{"line":101,"column":24},"end":{"line":101,"column":36}},"line":101},"7":{"name":"(anonymous_7)","decl":{"start":{"line":102,"column":7},"end":{"line":102,"column":12}},"loc":{"start":{"line":102,"column":25},"end":{"line":102,"column":48}},"line":102},"8":{"name":"moveItem","decl":{"start":{"line":106,"column":11},"end":{"line":106,"column":20}},"loc":{"start":{"line":106,"column":54},"end":{"line":114,"column":null}},"line":106},"9":{"name":"(anonymous_9)","decl":{"start":{"line":113,"column":19},"end":{"line":113,"column":24}},"loc":{"start":{"line":113,"column":37},"end":{"line":113,"column":null}},"line":113},"10":{"name":"handleItemReorder","decl":{"start":{"line":117,"column":11},"end":{"line":117,"column":29}},"loc":{"start":{"line":117,"column":63},"end":{"line":128,"column":null}},"line":117},"11":{"name":"(anonymous_11)","decl":{"start":{"line":118,"column":35},"end":{"line":118,"column":46}},"loc":{"start":{"line":118,"column":52},"end":{"line":118,"column":70}},"line":118},"12":{"name":"(anonymous_12)","decl":{"start":{"line":119,"column":35},"end":{"line":119,"column":46}},"loc":{"start":{"line":119,"column":52},"end":{"line":119,"column":68}},"line":119},"13":{"name":"(anonymous_13)","decl":{"start":{"line":127,"column":19},"end":{"line":127,"column":24}},"loc":{"start":{"line":127,"column":37},"end":{"line":127,"column":null}},"line":127},"14":{"name":"(anonymous_14)","decl":{"start":{"line":203,"column":12},"end":{"line":203,"column":27}},"loc":{"start":{"line":203,"column":27},"end":{"line":203,"column":49}},"line":203},"15":{"name":"(anonymous_15)","decl":{"start":{"line":253,"column":33},"end":{"line":253,"column":38}},"loc":{"start":{"line":253,"column":44},"end":{"line":253,"column":49}},"line":253},"16":{"name":"(anonymous_16)","decl":{"start":{"line":256,"column":27},"end":{"line":256,"column":32}},"loc":{"start":{"line":257,"column":14},"end":{"line":275,"column":null}},"line":257},"17":{"name":"(anonymous_17)","decl":{"start":{"line":260,"column":16},"end":{"line":260,"column":27}},"loc":{"start":{"line":260,"column":36},"end":{"line":260,"column":63}},"line":260},"18":{"name":"(anonymous_18)","decl":{"start":{"line":261,"column":16},"end":{"line":261,"column":32}},"loc":{"start":{"line":261,"column":32},"end":{"line":261,"column":49}},"line":261},"19":{"name":"(anonymous_19)","decl":{"start":{"line":262,"column":16},"end":{"line":262,"column":null}},"loc":{"start":{"line":263,"column":18},"end":{"line":268,"column":20}},"line":263},"20":{"name":"(anonymous_20)","decl":{"start":{"line":270,"column":16},"end":{"line":270,"column":32}},"loc":{"start":{"line":270,"column":32},"end":{"line":270,"column":51}},"line":270},"21":{"name":"(anonymous_21)","decl":{"start":{"line":271,"column":16},"end":{"line":271,"column":34}},"loc":{"start":{"line":271,"column":34},"end":{"line":271,"column":52}},"line":271}},"branchMap":{"0":{"loc":{"start":{"line":53,"column":2},"end":{"line":53,"column":null}},"type":"default-arg","locations":[{"start":{"line":53,"column":20},"end":{"line":53,"column":null}}],"line":53},"1":{"loc":{"start":{"line":54,"column":2},"end":{"line":54,"column":null}},"type":"default-arg","locations":[{"start":{"line":54,"column":18},"end":{"line":54,"column":null}}],"line":54},"2":{"loc":{"start":{"line":70,"column":13},"end":{"line":70,"column":null}},"type":"cond-expr","locations":[{"start":{"line":70,"column":26},"end":{"line":70,"column":32}},{"start":{"line":70,"column":32},"end":{"line":70,"column":null}}],"line":70},"3":{"loc":{"start":{"line":71,"column":12},"end":{"line":71,"column":null}},"type":"cond-expr","locations":[{"start":{"line":71,"column":25},"end":{"line":71,"column":30}},{"start":{"line":71,"column":30},"end":{"line":71,"column":null}}],"line":71},"4":{"loc":{"start":{"line":89,"column":4},"end":{"line":89,"column":null}},"type":"if","locations":[{"start":{"line":89,"column":4},"end":{"line":89,"column":null}},{"start":{},"end":{}}],"line":89},"5":{"loc":{"start":{"line":94,"column":6},"end":{"line":94,"column":null}},"type":"cond-expr","locations":[{"start":{"line":94,"column":20},"end":{"line":94,"column":46}},{"start":{"line":94,"column":46},"end":{"line":94,"column":null}}],"line":94},"6":{"loc":{"start":{"line":108,"column":4},"end":{"line":108,"column":null}},"type":"if","locations":[{"start":{"line":108,"column":4},"end":{"line":108,"column":null}},{"start":{},"end":{}}],"line":108},"7":{"loc":{"start":{"line":108,"column":8},"end":{"line":108,"column":58}},"type":"binary-expr","locations":[{"start":{"line":108,"column":8},"end":{"line":108,"column":24}},{"start":{"line":108,"column":24},"end":{"line":108,"column":58}}],"line":108},"8":{"loc":{"start":{"line":120,"column":4},"end":{"line":120,"column":null}},"type":"if","locations":[{"start":{"line":120,"column":4},"end":{"line":120,"column":null}},{"start":{},"end":{}}],"line":120},"9":{"loc":{"start":{"line":120,"column":8},"end":{"line":120,"column":69}},"type":"binary-expr","locations":[{"start":{"line":120,"column":8},"end":{"line":120,"column":27}},{"start":{"line":120,"column":27},"end":{"line":120,"column":46}},{"start":{"line":120,"column":46},"end":{"line":120,"column":69}}],"line":120},"10":{"loc":{"start":{"line":140,"column":10},"end":{"line":142,"column":null}},"type":"cond-expr","locations":[{"start":{"line":141,"column":14},"end":{"line":141,"column":null}},{"start":{"line":142,"column":14},"end":{"line":142,"column":null}}],"line":140},"11":{"loc":{"start":{"line":140,"column":10},"end":{"line":140,"column":null}},"type":"binary-expr","locations":[{"start":{"line":140,"column":10},"end":{"line":140,"column":22}},{"start":{"line":140,"column":22},"end":{"line":140,"column":null}}],"line":140},"12":{"loc":{"start":{"line":172,"column":13},"end":{"line":172,"column":null}},"type":"cond-expr","locations":[{"start":{"line":172,"column":42},"end":{"line":172,"column":51}},{"start":{"line":172,"column":51},"end":{"line":172,"column":null}}],"line":172},"13":{"loc":{"start":{"line":178,"column":13},"end":{"line":178,"column":null}},"type":"cond-expr","locations":[{"start":{"line":178,"column":42},"end":{"line":178,"column":51}},{"start":{"line":178,"column":51},"end":{"line":178,"column":null}}],"line":178},"14":{"loc":{"start":{"line":206,"column":24},"end":{"line":206,"column":null}},"type":"cond-expr","locations":[{"start":{"line":206,"column":35},"end":{"line":206,"column":56}},{"start":{"line":206,"column":56},"end":{"line":206,"column":null}}],"line":206},"15":{"loc":{"start":{"line":208,"column":13},"end":{"line":211,"column":null}},"type":"cond-expr","locations":[{"start":{"line":209,"column":14},"end":{"line":211,"column":15}},{"start":{"line":211,"column":14},"end":{"line":211,"column":null}}],"line":208},"16":{"loc":{"start":{"line":250,"column":7},"end":{"line":284,"column":null}},"type":"binary-expr","locations":[{"start":{"line":250,"column":7},"end":{"line":250,"column":null}},{"start":{"line":251,"column":8},"end":{"line":284,"column":null}}],"line":250},"17":{"loc":{"start":{"line":265,"column":22},"end":{"line":267,"column":null}},"type":"cond-expr","locations":[{"start":{"line":266,"column":26},"end":{"line":266,"column":null}},{"start":{"line":267,"column":26},"end":{"line":267,"column":null}}],"line":265}},"s":{"0":2,"1":203,"2":203,"3":203,"4":9,"5":2,"6":2,"7":2,"8":0,"9":3,"10":8,"11":3,"12":1,"13":3,"14":2,"15":1,"16":2,"17":2,"18":0,"19":2,"20":2,"21":2,"22":6,"23":0,"24":0,"25":0,"26":0,"27":0,"28":0,"29":0,"30":0,"31":0,"32":0,"33":0,"34":203,"35":4,"36":177,"37":177,"38":1,"39":1,"40":2,"41":1,"42":1},"f":{"0":203,"1":9,"2":2,"3":3,"4":8,"5":1,"6":3,"7":2,"8":2,"9":6,"10":0,"11":0,"12":0,"13":0,"14":4,"15":177,"16":177,"17":1,"18":1,"19":2,"20":1,"21":1},"b":{"0":[203],"1":[203],"2":[0,203],"3":[0,203],"4":[0,2],"5":[3,5],"6":[0,2],"7":[2,2],"8":[0,0],"9":[0,0,0],"10":[87,116],"11":[203,88],"12":[70,133],"13":[70,133],"14":[88,115],"15":[88,115],"16":[203,88],"17":[2,0]},"meta":{"lastBranch":18,"lastFunction":22,"lastStatement":43,"seen":{"s:1:0:1:Infinity":0,"f:45:16:45:28":0,"b:53:20:53:Infinity":0,"b:54:18:54:Infinity":1,"s:57:19:57:59":1,"s:64:4:65:37":2,"s:67:16:72:Infinity":3,"b:70:26:70:32:70:32:70:Infinity":2,"b:71:25:71:30:71:30:71:Infinity":3,"f:74:11:74:25":1,"s:75:4:75:Infinity":4,"f:78:11:78:21":2,"s:79:34:84:Infinity":5,"s:85:4:88:Infinity":6,"b:89:4:89:Infinity:undefined:undefined:undefined:undefined":4,"s:89:4:89:Infinity":7,"s:89:19:89:Infinity":8,"f:92:11:92:22":3,"s:93:18:94:Infinity":9,"f:93:32:93:37":4,"s:94:6:94:Infinity":10,"b:94:20:94:46:94:46:94:Infinity":5,"s:96:4:96:Infinity":11,"f:99:11:99:22":5,"s:100:18:102:48":12,"f:101:7:101:15":6,"s:101:24:101:36":13,"f:102:7:102:12":7,"s:102:25:102:48":14,"s:103:4:103:Infinity":15,"f:106:11:106:20":8,"s:107:21:107:Infinity":16,"b:108:4:108:Infinity:undefined:undefined:undefined:undefined":6,"s:108:4:108:Infinity":17,"b:108:8:108:24:108:24:108:58":7,"s:108:58:108:Infinity":18,"s:109:18:109:36":19,"s:110:4:110:Infinity":20,"s:111:4:114:Infinity":21,"f:113:19:113:24":9,"s:113:37:113:Infinity":22,"f:117:11:117:29":10,"s:118:21:118:70":23,"f:118:35:118:46":11,"s:118:52:118:70":24,"s:119:21:119:68":25,"f:119:35:119:46":12,"s:119:52:119:68":26,"b:120:4:120:Infinity:undefined:undefined:undefined:undefined":8,"s:120:4:120:Infinity":27,"b:120:8:120:27:120:27:120:46:120:46:120:69":9,"s:120:69:120:Infinity":28,"s:122:18:122:36":29,"s:123:20:123:45":30,"s:124:4:124:Infinity":31,"s:125:4:128:Infinity":32,"f:127:19:127:24":13,"s:127:37:127:Infinity":33,"s:131:2:284:Infinity":34,"b:141:14:141:Infinity:142:14:142:Infinity":10,"b:140:10:140:22:140:22:140:Infinity":11,"b:172:42:172:51:172:51:172:Infinity":12,"b:178:42:178:51:178:51:178:Infinity":13,"f:203:12:203:27":14,"s:203:27:203:49":35,"b:206:35:206:56:206:56:206:Infinity":14,"b:209:14:211:15:211:14:211:Infinity":15,"b:250:7:250:Infinity:251:8:284:Infinity":16,"f:253:33:253:38":15,"s:253:44:253:49":36,"f:256:27:256:32":16,"s:257:14:275:Infinity":37,"f:260:16:260:27":17,"s:260:36:260:63":38,"f:261:16:261:32":18,"s:261:32:261:49":39,"f:262:16:262:Infinity":19,"s:263:18:268:20":40,"b:266:26:266:Infinity:267:26:267:Infinity":17,"f:270:16:270:32":20,"s:270:32:270:51":41,"f:271:16:271:34":21,"s:271:34:271:52":42}}}
,"/Users/juanjosemarinelli/repositories/vindex/src/app/dashboard/template/template-editor.tsx": {"path":"/Users/juanjosemarinelli/repositories/vindex/src/app/dashboard/template/template-editor.tsx","statementMap":{"0":{"start":{"line":1,"column":0},"end":{"line":1,"column":null}},"1":{"start":{"line":39,"column":15},"end":{"line":39,"column":47}},"2":{"start":{"line":40,"column":19},"end":{"line":40,"column":59}},"3":{"start":{"line":41,"column":17},"end":{"line":41,"column":45}},"4":{"start":{"line":42,"column":21},"end":{"line":42,"column":53}},"5":{"start":{"line":43,"column":29},"end":{"line":43,"column":83}},"6":{"start":{"line":44,"column":26},"end":{"line":44,"column":77}},"7":{"start":{"line":45,"column":8},"end":{"line":45,"column":77}},"8":{"start":{"line":48,"column":2},"end":{"line":53,"column":null}},"9":{"start":{"line":50,"column":6},"end":{"line":51,"column":78}},"10":{"start":{"line":52,"column":4},"end":{"line":52,"column":null}},"11":{"start":{"line":56,"column":2},"end":{"line":64,"column":null}},"12":{"start":{"line":58,"column":6},"end":{"line":59,"column":null}},"13":{"start":{"line":59,"column":8},"end":{"line":59,"column":null}},"14":{"start":{"line":62,"column":4},"end":{"line":62,"column":null}},"15":{"start":{"line":63,"column":4},"end":{"line":63,"column":null}},"16":{"start":{"line":63,"column":17},"end":{"line":63,"column":79}},"17":{"start":{"line":67,"column":8},"end":{"line":71,"column":null}},"18":{"start":{"line":76,"column":18},"end":{"line":76,"column":37}},"19":{"start":{"line":77,"column":40},"end":{"line":82,"column":null}},"20":{"start":{"line":83,"column":4},"end":{"line":83,"column":null}},"21":{"start":{"line":83,"column":26},"end":{"line":83,"column":47}},"22":{"start":{"line":84,"column":4},"end":{"line":84,"column":null}},"23":{"start":{"line":89,"column":23},"end":{"line":89,"column":null}},"24":{"start":{"line":90,"column":4},"end":{"line":92,"column":null}},"25":{"start":{"line":91,"column":22},"end":{"line":91,"column":null}},"26":{"start":{"line":92,"column":6},"end":{"line":92,"column":null}},"27":{"start":{"line":95,"column":4},"end":{"line":97,"column":null}},"28":{"start":{"line":96,"column":6},"end":{"line":96,"column":53}},"29":{"start":{"line":96,"column":26},"end":{"line":96,"column":53}},"30":{"start":{"line":101,"column":4},"end":{"line":105,"column":null}},"31":{"start":{"line":102,"column":6},"end":{"line":104,"column":44}},"32":{"start":{"line":103,"column":26},"end":{"line":103,"column":38}},"33":{"start":{"line":104,"column":24},"end":{"line":104,"column":44}},"34":{"start":{"line":109,"column":21},"end":{"line":109,"column":null}},"35":{"start":{"line":110,"column":4},"end":{"line":110,"column":null}},"36":{"start":{"line":110,"column":53},"end":{"line":110,"column":null}},"37":{"start":{"line":111,"column":4},"end":{"line":115,"column":null}},"38":{"start":{"line":112,"column":18},"end":{"line":112,"column":27}},"39":{"start":{"line":113,"column":6},"end":{"line":113,"column":null}},"40":{"start":{"line":114,"column":6},"end":{"line":114,"column":null}},"41":{"start":{"line":114,"column":32},"end":{"line":114,"column":52}},"42":{"start":{"line":119,"column":29},"end":{"line":119,"column":null}},"43":{"start":{"line":120,"column":4},"end":{"line":120,"column":null}},"44":{"start":{"line":120,"column":40},"end":{"line":120,"column":null}},"45":{"start":{"line":122,"column":21},"end":{"line":122,"column":66}},"46":{"start":{"line":122,"column":47},"end":{"line":122,"column":66}},"47":{"start":{"line":123,"column":21},"end":{"line":123,"column":64}},"48":{"start":{"line":123,"column":47},"end":{"line":123,"column":64}},"49":{"start":{"line":124,"column":4},"end":{"line":124,"column":null}},"50":{"start":{"line":124,"column":44},"end":{"line":124,"column":null}},"51":{"start":{"line":126,"column":4},"end":{"line":131,"column":null}},"52":{"start":{"line":127,"column":18},"end":{"line":127,"column":27}},"53":{"start":{"line":128,"column":22},"end":{"line":128,"column":45}},"54":{"start":{"line":129,"column":6},"end":{"line":129,"column":null}},"55":{"start":{"line":130,"column":6},"end":{"line":130,"column":null}},"56":{"start":{"line":130,"column":32},"end":{"line":130,"column":52}},"57":{"start":{"line":136,"column":29},"end":{"line":136,"column":null}},"58":{"start":{"line":137,"column":4},"end":{"line":137,"column":null}},"59":{"start":{"line":137,"column":40},"end":{"line":137,"column":null}},"60":{"start":{"line":140,"column":4},"end":{"line":152,"column":null}},"61":{"start":{"line":140,"column":18},"end":{"line":140,"column":21}},"62":{"start":{"line":141,"column":22},"end":{"line":141,"column":null}},"63":{"start":{"line":142,"column":23},"end":{"line":142,"column":73}},"64":{"start":{"line":142,"column":54},"end":{"line":142,"column":73}},"65":{"start":{"line":143,"column":23},"end":{"line":143,"column":71}},"66":{"start":{"line":143,"column":54},"end":{"line":143,"column":71}},"67":{"start":{"line":144,"column":6},"end":{"line":152,"column":null}},"68":{"start":{"line":145,"column":22},"end":{"line":145,"column":40}},"69":{"start":{"line":146,"column":24},"end":{"line":146,"column":49}},"70":{"start":{"line":147,"column":8},"end":{"line":147,"column":null}},"71":{"start":{"line":148,"column":8},"end":{"line":151,"column":null}},"72":{"start":{"line":150,"column":41},"end":{"line":150,"column":null}},"73":{"start":{"line":152,"column":8},"end":{"line":152,"column":null}},"74":{"start":{"line":158,"column":8},"end":{"line":198,"column":34}},"75":{"start":{"line":160,"column":4},"end":{"line":162,"column":null}},"76":{"start":{"line":161,"column":6},"end":{"line":161,"column":null}},"77":{"start":{"line":162,"column":6},"end":{"line":162,"column":null}},"78":{"start":{"line":164,"column":4},"end":{"line":166,"column":null}},"79":{"start":{"line":165,"column":6},"end":{"line":165,"column":null}},"80":{"start":{"line":166,"column":6},"end":{"line":166,"column":null}},"81":{"start":{"line":168,"column":4},"end":{"line":176,"column":null}},"82":{"start":{"line":169,"column":6},"end":{"line":171,"column":null}},"83":{"start":{"line":170,"column":8},"end":{"line":170,"column":null}},"84":{"start":{"line":171,"column":8},"end":{"line":171,"column":null}},"85":{"start":{"line":173,"column":6},"end":{"line":176,"column":null}},"86":{"start":{"line":174,"column":8},"end":{"line":176,"column":null}},"87":{"start":{"line":175,"column":10},"end":{"line":175,"column":null}},"88":{"start":{"line":176,"column":10},"end":{"line":176,"column":null}},"89":{"start":{"line":181,"column":4},"end":{"line":181,"column":null}},"90":{"start":{"line":182,"column":19},"end":{"line":186,"column":6}},"91":{"start":{"line":188,"column":4},"end":{"line":195,"column":null}},"92":{"start":{"line":189,"column":6},"end":{"line":189,"column":null}},"93":{"start":{"line":190,"column":6},"end":{"line":190,"column":null}},"94":{"start":{"line":191,"column":6},"end":{"line":191,"column":null}},"95":{"start":{"line":193,"column":6},"end":{"line":195,"column":null}},"96":{"start":{"line":197,"column":4},"end":{"line":197,"column":null}},"97":{"start":{"line":200,"column":2},"end":{"line":317,"column":null}},"98":{"start":{"line":252,"column":29},"end":{"line":252,"column":null}},"99":{"start":{"line":253,"column":30},"end":{"line":253,"column":69}},"100":{"start":{"line":253,"column":51},"end":{"line":253,"column":69}},"101":{"start":{"line":254,"column":12},"end":{"line":257,"column":null}},"102":{"start":{"line":255,"column":14},"end":{"line":255,"column":null}},"103":{"start":{"line":257,"column":14},"end":{"line":257,"column":null}},"104":{"start":{"line":262,"column":39},"end":{"line":262,"column":44}},"105":{"start":{"line":267,"column":16},"end":{"line":279,"column":null}},"106":{"start":{"line":270,"column":41},"end":{"line":270,"column":70}},"107":{"start":{"line":271,"column":34},"end":{"line":271,"column":54}},"108":{"start":{"line":272,"column":34},"end":{"line":272,"column":56}},"109":{"start":{"line":273,"column":36},"end":{"line":273,"column":57}}},"fnMap":{"0":{"name":"TemplateEditor","decl":{"start":{"line":34,"column":16},"end":{"line":34,"column":31}},"loc":{"start":{"line":38,"column":24},"end":{"line":317,"column":null}},"line":38},"1":{"name":"(anonymous_1)","decl":{"start":{"line":48,"column":2},"end":{"line":48,"column":18}},"loc":{"start":{"line":48,"column":18},"end":{"line":53,"column":6}},"line":48},"2":{"name":"(anonymous_2)","decl":{"start":{"line":56,"column":2},"end":{"line":56,"column":18}},"loc":{"start":{"line":56,"column":18},"end":{"line":64,"column":6}},"line":56},"3":{"name":"handleBeforeUnload","decl":{"start":{"line":57,"column":13},"end":{"line":57,"column":32}},"loc":{"start":{"line":57,"column":54},"end":{"line":59,"column":null}},"line":57},"4":{"name":"(anonymous_4)","decl":{"start":{"line":63,"column":4},"end":{"line":63,"column":17}},"loc":{"start":{"line":63,"column":17},"end":{"line":63,"column":79}},"line":63},"5":{"name":"addSection","decl":{"start":{"line":75,"column":11},"end":{"line":75,"column":24}},"loc":{"start":{"line":75,"column":24},"end":{"line":84,"column":null}},"line":75},"6":{"name":"(anonymous_6)","decl":{"start":{"line":83,"column":4},"end":{"line":83,"column":17}},"loc":{"start":{"line":83,"column":26},"end":{"line":83,"column":47}},"line":83},"7":{"name":"updateSection","decl":{"start":{"line":87,"column":11},"end":{"line":87,"column":25}},"loc":{"start":{"line":87,"column":66},"end":{"line":97,"column":null}},"line":87},"8":{"name":"(anonymous_8)","decl":{"start":{"line":95,"column":4},"end":{"line":95,"column":17}},"loc":{"start":{"line":96,"column":6},"end":{"line":96,"column":53}},"line":96},"9":{"name":"(anonymous_9)","decl":{"start":{"line":96,"column":11},"end":{"line":96,"column":16}},"loc":{"start":{"line":96,"column":26},"end":{"line":96,"column":53}},"line":96},"10":{"name":"deleteSection","decl":{"start":{"line":100,"column":11},"end":{"line":100,"column":25}},"loc":{"start":{"line":100,"column":40},"end":{"line":105,"column":null}},"line":100},"11":{"name":"(anonymous_11)","decl":{"start":{"line":101,"column":4},"end":{"line":101,"column":17}},"loc":{"start":{"line":102,"column":6},"end":{"line":104,"column":44}},"line":102},"12":{"name":"(anonymous_12)","decl":{"start":{"line":103,"column":9},"end":{"line":103,"column":17}},"loc":{"start":{"line":103,"column":26},"end":{"line":103,"column":38}},"line":103},"13":{"name":"(anonymous_13)","decl":{"start":{"line":104,"column":9},"end":{"line":104,"column":14}},"loc":{"start":{"line":104,"column":24},"end":{"line":104,"column":44}},"line":104},"14":{"name":"moveSection","decl":{"start":{"line":108,"column":11},"end":{"line":108,"column":23}},"loc":{"start":{"line":108,"column":57},"end":{"line":115,"column":null}},"line":108},"15":{"name":"(anonymous_15)","decl":{"start":{"line":111,"column":4},"end":{"line":111,"column":17}},"loc":{"start":{"line":111,"column":26},"end":{"line":115,"column":null}},"line":111},"16":{"name":"(anonymous_16)","decl":{"start":{"line":114,"column":17},"end":{"line":114,"column":22}},"loc":{"start":{"line":114,"column":32},"end":{"line":114,"column":52}},"line":114},"17":{"name":"handleSectionDragEnd","decl":{"start":{"line":118,"column":11},"end":{"line":118,"column":32}},"loc":{"start":{"line":118,"column":53},"end":{"line":131,"column":null}},"line":118},"18":{"name":"(anonymous_18)","decl":{"start":{"line":122,"column":30},"end":{"line":122,"column":41}},"loc":{"start":{"line":122,"column":47},"end":{"line":122,"column":66}},"line":122},"19":{"name":"(anonymous_19)","decl":{"start":{"line":123,"column":30},"end":{"line":123,"column":41}},"loc":{"start":{"line":123,"column":47},"end":{"line":123,"column":64}},"line":123},"20":{"name":"(anonymous_20)","decl":{"start":{"line":126,"column":4},"end":{"line":126,"column":17}},"loc":{"start":{"line":126,"column":26},"end":{"line":131,"column":null}},"line":126},"21":{"name":"(anonymous_21)","decl":{"start":{"line":130,"column":17},"end":{"line":130,"column":22}},"loc":{"start":{"line":130,"column":32},"end":{"line":130,"column":52}},"line":130},"22":{"name":"handleItemDragEnd","decl":{"start":{"line":135,"column":11},"end":{"line":135,"column":29}},"loc":{"start":{"line":135,"column":50},"end":{"line":152,"column":null}},"line":135},"23":{"name":"(anonymous_23)","decl":{"start":{"line":142,"column":37},"end":{"line":142,"column":48}},"loc":{"start":{"line":142,"column":54},"end":{"line":142,"column":73}},"line":142},"24":{"name":"(anonymous_24)","decl":{"start":{"line":143,"column":37},"end":{"line":143,"column":48}},"loc":{"start":{"line":143,"column":54},"end":{"line":143,"column":71}},"line":143},"25":{"name":"(anonymous_25)","decl":{"start":{"line":150,"column":23},"end":{"line":150,"column":28}},"loc":{"start":{"line":150,"column":41},"end":{"line":150,"column":null}},"line":150},"26":{"name":"(anonymous_26)","decl":{"start":{"line":158,"column":33},"end":{"line":158,"column":45}},"loc":{"start":{"line":158,"column":45},"end":{"line":198,"column":6}},"line":158},"27":{"name":"(anonymous_27)","decl":{"start":{"line":250,"column":10},"end":{"line":250,"column":22}},"loc":{"start":{"line":250,"column":32},"end":{"line":257,"column":null}},"line":250},"28":{"name":"(anonymous_28)","decl":{"start":{"line":253,"column":39},"end":{"line":253,"column":45}},"loc":{"start":{"line":253,"column":51},"end":{"line":253,"column":69}},"line":253},"29":{"name":"(anonymous_29)","decl":{"start":{"line":262,"column":28},"end":{"line":262,"column":33}},"loc":{"start":{"line":262,"column":39},"end":{"line":262,"column":44}},"line":262},"30":{"name":"(anonymous_30)","decl":{"start":{"line":266,"column":24},"end":{"line":266,"column":29}},"loc":{"start":{"line":267,"column":16},"end":{"line":279,"column":null}},"line":267},"31":{"name":"(anonymous_31)","decl":{"start":{"line":270,"column":18},"end":{"line":270,"column":29}},"loc":{"start":{"line":270,"column":41},"end":{"line":270,"column":70}},"line":270},"32":{"name":"(anonymous_32)","decl":{"start":{"line":271,"column":18},"end":{"line":271,"column":34}},"loc":{"start":{"line":271,"column":34},"end":{"line":271,"column":54}},"line":271},"33":{"name":"(anonymous_33)","decl":{"start":{"line":272,"column":18},"end":{"line":272,"column":34}},"loc":{"start":{"line":272,"column":34},"end":{"line":272,"column":56}},"line":272},"34":{"name":"(anonymous_34)","decl":{"start":{"line":273,"column":18},"end":{"line":273,"column":36}},"loc":{"start":{"line":273,"column":36},"end":{"line":273,"column":57}},"line":273}},"branchMap":{"0":{"loc":{"start":{"line":50,"column":6},"end":{"line":51,"column":78}},"type":"binary-expr","locations":[{"start":{"line":50,"column":6},"end":{"line":50,"column":null}},{"start":{"line":51,"column":6},"end":{"line":51,"column":78}}],"line":50},"1":{"loc":{"start":{"line":58,"column":6},"end":{"line":59,"column":null}},"type":"if","locations":[{"start":{"line":58,"column":6},"end":{"line":59,"column":null}},{"start":{},"end":{}}],"line":58},"2":{"loc":{"start":{"line":90,"column":4},"end":{"line":92,"column":null}},"type":"if","locations":[{"start":{"line":90,"column":4},"end":{"line":92,"column":null}},{"start":{},"end":{}}],"line":90},"3":{"loc":{"start":{"line":96,"column":26},"end":{"line":96,"column":53}},"type":"cond-expr","locations":[{"start":{"line":96,"column":40},"end":{"line":96,"column":50}},{"start":{"line":96,"column":50},"end":{"line":96,"column":53}}],"line":96},"4":{"loc":{"start":{"line":110,"column":4},"end":{"line":110,"column":null}},"type":"if","locations":[{"start":{"line":110,"column":4},"end":{"line":110,"column":null}},{"start":{},"end":{}}],"line":110},"5":{"loc":{"start":{"line":110,"column":8},"end":{"line":110,"column":53}},"type":"binary-expr","locations":[{"start":{"line":110,"column":8},"end":{"line":110,"column":24}},{"start":{"line":110,"column":24},"end":{"line":110,"column":53}}],"line":110},"6":{"loc":{"start":{"line":120,"column":4},"end":{"line":120,"column":null}},"type":"if","locations":[{"start":{"line":120,"column":4},"end":{"line":120,"column":null}},{"start":{},"end":{}}],"line":120},"7":{"loc":{"start":{"line":120,"column":8},"end":{"line":120,"column":40}},"type":"binary-expr","locations":[{"start":{"line":120,"column":8},"end":{"line":120,"column":17}},{"start":{"line":120,"column":17},"end":{"line":120,"column":40}}],"line":120},"8":{"loc":{"start":{"line":124,"column":4},"end":{"line":124,"column":null}},"type":"if","locations":[{"start":{"line":124,"column":4},"end":{"line":124,"column":null}},{"start":{},"end":{}}],"line":124},"9":{"loc":{"start":{"line":124,"column":8},"end":{"line":124,"column":44}},"type":"binary-expr","locations":[{"start":{"line":124,"column":8},"end":{"line":124,"column":27}},{"start":{"line":124,"column":27},"end":{"line":124,"column":44}}],"line":124},"10":{"loc":{"start":{"line":137,"column":4},"end":{"line":137,"column":null}},"type":"if","locations":[{"start":{"line":137,"column":4},"end":{"line":137,"column":null}},{"start":{},"end":{}}],"line":137},"11":{"loc":{"start":{"line":137,"column":8},"end":{"line":137,"column":40}},"type":"binary-expr","locations":[{"start":{"line":137,"column":8},"end":{"line":137,"column":17}},{"start":{"line":137,"column":17},"end":{"line":137,"column":40}}],"line":137},"12":{"loc":{"start":{"line":144,"column":6},"end":{"line":152,"column":null}},"type":"if","locations":[{"start":{"line":144,"column":6},"end":{"line":152,"column":null}},{"start":{},"end":{}}],"line":144},"13":{"loc":{"start":{"line":144,"column":10},"end":{"line":144,"column":46}},"type":"binary-expr","locations":[{"start":{"line":144,"column":10},"end":{"line":144,"column":29}},{"start":{"line":144,"column":29},"end":{"line":144,"column":46}}],"line":144},"14":{"loc":{"start":{"line":160,"column":4},"end":{"line":162,"column":null}},"type":"if","locations":[{"start":{"line":160,"column":4},"end":{"line":162,"column":null}},{"start":{},"end":{}}],"line":160},"15":{"loc":{"start":{"line":164,"column":4},"end":{"line":166,"column":null}},"type":"if","locations":[{"start":{"line":164,"column":4},"end":{"line":166,"column":null}},{"start":{},"end":{}}],"line":164},"16":{"loc":{"start":{"line":169,"column":6},"end":{"line":171,"column":null}},"type":"if","locations":[{"start":{"line":169,"column":6},"end":{"line":171,"column":null}},{"start":{},"end":{}}],"line":169},"17":{"loc":{"start":{"line":170,"column":35},"end":{"line":170,"column":60}},"type":"binary-expr","locations":[{"start":{"line":170,"column":35},"end":{"line":170,"column":45}},{"start":{"line":170,"column":45},"end":{"line":170,"column":60}}],"line":170},"18":{"loc":{"start":{"line":174,"column":8},"end":{"line":176,"column":null}},"type":"if","locations":[{"start":{"line":174,"column":8},"end":{"line":176,"column":null}},{"start":{},"end":{}}],"line":174},"19":{"loc":{"start":{"line":188,"column":4},"end":{"line":195,"column":null}},"type":"if","locations":[{"start":{"line":188,"column":4},"end":{"line":195,"column":null}},{"start":{"line":192,"column":11},"end":{"line":195,"column":null}}],"line":188},"20":{"loc":{"start":{"line":194,"column":8},"end":{"line":194,"column":null}},"type":"binary-expr","locations":[{"start":{"line":194,"column":8},"end":{"line":194,"column":24}},{"start":{"line":194,"column":24},"end":{"line":194,"column":null}}],"line":194},"21":{"loc":{"start":{"line":226,"column":19},"end":{"line":226,"column":null}},"type":"cond-expr","locations":[{"start":{"line":226,"column":32},"end":{"line":226,"column":44}},{"start":{"line":226,"column":44},"end":{"line":226,"column":null}}],"line":226},"22":{"loc":{"start":{"line":228,"column":11},"end":{"line":236,"column":null}},"type":"cond-expr","locations":[{"start":{"line":229,"column":12},"end":{"line":232,"column":null}},{"start":{"line":233,"column":14},"end":{"line":236,"column":null}}],"line":228},"23":{"loc":{"start":{"line":233,"column":14},"end":{"line":236,"column":null}},"type":"cond-expr","locations":[{"start":{"line":234,"column":12},"end":{"line":234,"column":null}},{"start":{"line":236,"column":12},"end":{"line":236,"column":null}}],"line":233},"24":{"loc":{"start":{"line":242,"column":7},"end":{"line":283,"column":null}},"type":"cond-expr","locations":[{"start":{"line":243,"column":8},"end":{"line":247,"column":9}},{"start":{"line":247,"column":8},"end":{"line":283,"column":null}}],"line":242},"25":{"loc":{"start":{"line":254,"column":12},"end":{"line":257,"column":null}},"type":"if","locations":[{"start":{"line":254,"column":12},"end":{"line":257,"column":null}},{"start":{"line":256,"column":19},"end":{"line":257,"column":null}}],"line":254},"26":{"loc":{"start":{"line":301,"column":19},"end":{"line":301,"column":null}},"type":"cond-expr","locations":[{"start":{"line":301,"column":32},"end":{"line":301,"column":44}},{"start":{"line":301,"column":44},"end":{"line":301,"column":null}}],"line":301},"27":{"loc":{"start":{"line":303,"column":11},"end":{"line":311,"column":null}},"type":"cond-expr","locations":[{"start":{"line":304,"column":12},"end":{"line":307,"column":null}},{"start":{"line":308,"column":14},"end":{"line":311,"column":null}}],"line":303},"28":{"loc":{"start":{"line":308,"column":14},"end":{"line":311,"column":null}},"type":"cond-expr","locations":[{"start":{"line":309,"column":12},"end":{"line":309,"column":null}},{"start":{"line":311,"column":12},"end":{"line":311,"column":null}}],"line":308}},"s":{"0":1,"1":85,"2":85,"3":85,"4":85,"5":85,"6":85,"7":85,"8":85,"9":50,"10":50,"11":85,"12":0,"13":0,"14":45,"15":45,"16":45,"17":85,"18":10,"19":10,"20":10,"21":10,"22":10,"23":10,"24":10,"25":0,"26":0,"27":10,"28":10,"29":25,"30":1,"31":1,"32":2,"33":1,"34":2,"35":2,"36":0,"37":2,"38":2,"39":2,"40":2,"41":4,"42":3,"43":3,"44":2,"45":1,"46":1,"47":1,"48":2,"49":1,"50":0,"51":1,"52":1,"53":1,"54":1,"55":1,"56":2,"57":1,"58":1,"59":0,"60":1,"61":1,"62":1,"63":1,"64":1,"65":1,"66":2,"67":1,"68":1,"69":1,"70":1,"71":1,"72":2,"73":1,"74":85,"75":8,"76":1,"77":1,"78":7,"79":0,"80":0,"81":7,"82":17,"83":1,"84":1,"85":16,"86":16,"87":1,"88":1,"89":5,"90":5,"91":5,"92":3,"93":3,"94":3,"95":2,"96":5,"97":85,"98":4,"99":4,"100":5,"101":4,"102":3,"103":1,"104":197,"105":197,"106":9,"107":1,"108":1,"109":1},"f":{"0":85,"1":50,"2":45,"3":0,"4":45,"5":10,"6":10,"7":10,"8":10,"9":25,"10":1,"11":1,"12":2,"13":1,"14":2,"15":2,"16":4,"17":3,"18":1,"19":2,"20":1,"21":2,"22":1,"23":1,"24":2,"25":2,"26":8,"27":4,"28":5,"29":197,"30":197,"31":9,"32":1,"33":1,"34":1},"b":{"0":[50,49],"1":[0,0],"2":[0,10],"3":[10,15],"4":[0,2],"5":[2,2],"6":[2,1],"7":[3,2],"8":[0,1],"9":[1,1],"10":[0,1],"11":[1,1],"12":[1,0],"13":[1,1],"14":[1,7],"15":[0,7],"16":[1,16],"17":[1,1],"18":[1,15],"19":[3,2],"20":[2,1],"21":[40,45],"22":[5,80],"23":[35,45],"24":[1,84],"25":[3,1],"26":[40,45],"27":[5,80],"28":[35,45]},"meta":{"lastBranch":29,"lastFunction":35,"lastStatement":110,"seen":{"s:1:0:1:Infinity":0,"f:34:16:34:31":0,"s:39:15:39:47":1,"s:40:19:40:59":2,"s:41:17:41:45":3,"s:42:21:42:53":4,"s:43:29:43:83":5,"s:44:26:44:77":6,"s:45:8:45:77":7,"s:48:2:53:Infinity":8,"f:48:2:48:18":1,"s:50:6:51:78":9,"b:50:6:50:Infinity:51:6:51:78":0,"s:52:4:52:Infinity":10,"s:56:2:64:Infinity":11,"f:56:2:56:18":2,"f:57:13:57:32":3,"b:58:6:59:Infinity:undefined:undefined:undefined:undefined":1,"s:58:6:59:Infinity":12,"s:59:8:59:Infinity":13,"s:62:4:62:Infinity":14,"s:63:4:63:Infinity":15,"f:63:4:63:17":4,"s:63:17:63:79":16,"s:67:8:71:Infinity":17,"f:75:11:75:24":5,"s:76:18:76:37":18,"s:77:40:82:Infinity":19,"s:83:4:83:Infinity":20,"f:83:4:83:17":6,"s:83:26:83:47":21,"s:84:4:84:Infinity":22,"f:87:11:87:25":7,"s:89:23:89:Infinity":23,"b:90:4:92:Infinity:undefined:undefined:undefined:undefined":2,"s:90:4:92:Infinity":24,"s:91:22:91:Infinity":25,"s:92:6:92:Infinity":26,"s:95:4:97:Infinity":27,"f:95:4:95:17":8,"s:96:6:96:53":28,"f:96:11:96:16":9,"s:96:26:96:53":29,"b:96:40:96:50:96:50:96:53":3,"f:100:11:100:25":10,"s:101:4:105:Infinity":30,"f:101:4:101:17":11,"s:102:6:104:44":31,"f:103:9:103:17":12,"s:103:26:103:38":32,"f:104:9:104:14":13,"s:104:24:104:44":33,"f:108:11:108:23":14,"s:109:21:109:Infinity":34,"b:110:4:110:Infinity:undefined:undefined:undefined:undefined":4,"s:110:4:110:Infinity":35,"b:110:8:110:24:110:24:110:53":5,"s:110:53:110:Infinity":36,"s:111:4:115:Infinity":37,"f:111:4:111:17":15,"s:112:18:112:27":38,"s:113:6:113:Infinity":39,"s:114:6:114:Infinity":40,"f:114:17:114:22":16,"s:114:32:114:52":41,"f:118:11:118:32":17,"s:119:29:119:Infinity":42,"b:120:4:120:Infinity:undefined:undefined:undefined:undefined":6,"s:120:4:120:Infinity":43,"b:120:8:120:17:120:17:120:40":7,"s:120:40:120:Infinity":44,"s:122:21:122:66":45,"f:122:30:122:41":18,"s:122:47:122:66":46,"s:123:21:123:64":47,"f:123:30:123:41":19,"s:123:47:123:64":48,"b:124:4:124:Infinity:undefined:undefined:undefined:undefined":8,"s:124:4:124:Infinity":49,"b:124:8:124:27:124:27:124:44":9,"s:124:44:124:Infinity":50,"s:126:4:131:Infinity":51,"f:126:4:126:17":20,"s:127:18:127:27":52,"s:128:22:128:45":53,"s:129:6:129:Infinity":54,"s:130:6:130:Infinity":55,"f:130:17:130:22":21,"s:130:32:130:52":56,"f:135:11:135:29":22,"s:136:29:136:Infinity":57,"b:137:4:137:Infinity:undefined:undefined:undefined:undefined":10,"s:137:4:137:Infinity":58,"b:137:8:137:17:137:17:137:40":11,"s:137:40:137:Infinity":59,"s:140:4:152:Infinity":60,"s:140:18:140:21":61,"s:141:22:141:Infinity":62,"s:142:23:142:73":63,"f:142:37:142:48":23,"s:142:54:142:73":64,"s:143:23:143:71":65,"f:143:37:143:48":24,"s:143:54:143:71":66,"b:144:6:152:Infinity:undefined:undefined:undefined:undefined":12,"s:144:6:152:Infinity":67,"b:144:10:144:29:144:29:144:46":13,"s:145:22:145:40":68,"s:146:24:146:49":69,"s:147:8:147:Infinity":70,"s:148:8:151:Infinity":71,"f:150:23:150:28":25,"s:150:41:150:Infinity":72,"s:152:8:152:Infinity":73,"s:158:8:198:34":74,"f:158:33:158:45":26,"b:160:4:162:Infinity:undefined:undefined:undefined:undefined":14,"s:160:4:162:Infinity":75,"s:161:6:161:Infinity":76,"s:162:6:162:Infinity":77,"b:164:4:166:Infinity:undefined:undefined:undefined:undefined":15,"s:164:4:166:Infinity":78,"s:165:6:165:Infinity":79,"s:166:6:166:Infinity":80,"s:168:4:176:Infinity":81,"b:169:6:171:Infinity:undefined:undefined:undefined:undefined":16,"s:169:6:171:Infinity":82,"s:170:8:170:Infinity":83,"b:170:35:170:45:170:45:170:60":17,"s:171:8:171:Infinity":84,"s:173:6:176:Infinity":85,"b:174:8:176:Infinity:undefined:undefined:undefined:undefined":18,"s:174:8:176:Infinity":86,"s:175:10:175:Infinity":87,"s:176:10:176:Infinity":88,"s:181:4:181:Infinity":89,"s:182:19:186:6":90,"b:188:4:195:Infinity:192:11:195:Infinity":19,"s:188:4:195:Infinity":91,"s:189:6:189:Infinity":92,"s:190:6:190:Infinity":93,"s:191:6:191:Infinity":94,"s:193:6:195:Infinity":95,"b:194:8:194:24:194:24:194:Infinity":20,"s:197:4:197:Infinity":96,"s:200:2:317:Infinity":97,"b:226:32:226:44:226:44:226:Infinity":21,"b:229:12:232:Infinity:233:14:236:Infinity":22,"b:234:12:234:Infinity:236:12:236:Infinity":23,"b:243:8:247:9:247:8:283:Infinity":24,"f:250:10:250:22":27,"s:252:29:252:Infinity":98,"s:253:30:253:69":99,"f:253:39:253:45":28,"s:253:51:253:69":100,"b:254:12:257:Infinity:256:19:257:Infinity":25,"s:254:12:257:Infinity":101,"s:255:14:255:Infinity":102,"s:257:14:257:Infinity":103,"f:262:28:262:33":29,"s:262:39:262:44":104,"f:266:24:266:29":30,"s:267:16:279:Infinity":105,"f:270:18:270:29":31,"s:270:41:270:70":106,"f:271:18:271:34":32,"s:271:34:271:54":107,"f:272:18:272:34":33,"s:272:34:272:56":108,"f:273:18:273:36":34,"s:273:36:273:57":109,"b:301:32:301:44:301:44:301:Infinity":26,"b:304:12:307:Infinity:308:14:311:Infinity":27,"b:309:12:309:Infinity:311:12:311:Infinity":28}}}
,"/Users/juanjosemarinelli/repositories/vindex/src/app/dashboard/template/template-not-found.tsx": {"path":"/Users/juanjosemarinelli/repositories/vindex/src/app/dashboard/template/template-not-found.tsx","statementMap":{"0":{"start":{"line":5,"column":2},"end":{"line":17,"column":null}}},"fnMap":{"0":{"name":"TemplateNotFound","decl":{"start":{"line":4,"column":16},"end":{"line":4,"column":35}},"loc":{"start":{"line":4,"column":35},"end":{"line":17,"column":null}},"line":4}},"branchMap":{},"s":{"0":2},"f":{"0":2},"b":{},"meta":{"lastBranch":0,"lastFunction":1,"lastStatement":1,"seen":{"f:4:16:4:35":0,"s:5:2:17:Infinity":0}}}
,"/Users/juanjosemarinelli/repositories/vindex/src/app/dashboard/template/template-skeleton.tsx": {"path":"/Users/juanjosemarinelli/repositories/vindex/src/app/dashboard/template/template-skeleton.tsx","statementMap":{"0":{"start":{"line":4,"column":2},"end":{"line":18,"column":null}},"1":{"start":{"line":17,"column":8},"end":{"line":17,"column":null}}},"fnMap":{"0":{"name":"TemplateSkeleton","decl":{"start":{"line":3,"column":16},"end":{"line":3,"column":35}},"loc":{"start":{"line":3,"column":35},"end":{"line":18,"column":null}},"line":3},"1":{"name":"(anonymous_1)","decl":{"start":{"line":16,"column":17},"end":{"line":16,"column":22}},"loc":{"start":{"line":17,"column":8},"end":{"line":17,"column":null}},"line":17}},"branchMap":{},"s":{"0":2,"1":6},"f":{"0":2,"1":6},"b":{},"meta":{"lastBranch":0,"lastFunction":2,"lastStatement":2,"seen":{"f:3:16:3:35":0,"s:4:2:18:Infinity":0,"f:16:17:16:22":1,"s:17:8:17:Infinity":1}}}
,"/Users/juanjosemarinelli/repositories/vindex/src/components/inspection/checklist-item-card.tsx": {"path":"/Users/juanjosemarinelli/repositories/vindex/src/components/inspection/checklist-item-card.tsx","statementMap":{"0":{"start":{"line":1,"column":0},"end":{"line":1,"column":null}},"1":{"start":{"line":9,"column":60},"end":{"line":14,"column":null}},"2":{"start":{"line":35,"column":22},"end":{"line":35,"column":75}},"3":{"start":{"line":36,"column":8},"end":{"line":36,"column":70}},"4":{"start":{"line":37,"column":8},"end":{"line":37,"column":55}},"5":{"start":{"line":40,"column":2},"end":{"line":42,"column":null}},"6":{"start":{"line":41,"column":4},"end":{"line":41,"column":null}},"7":{"start":{"line":45,"column":8},"end":{"line":51,"column":8}},"8":{"start":{"line":46,"column":15},"end":{"line":46,"column":null}},"9":{"start":{"line":47,"column":4},"end":{"line":49,"column":null}},"10":{"start":{"line":48,"column":6},"end":{"line":48,"column":null}},"11":{"start":{"line":49,"column":6},"end":{"line":49,"column":null}},"12":{"start":{"line":53,"column":2},"end":{"line":55,"column":null}},"13":{"start":{"line":54,"column":4},"end":{"line":54,"column":null}},"14":{"start":{"line":57,"column":8},"end":{"line":65,"column":null}},"15":{"start":{"line":58,"column":18},"end":{"line":58,"column":null}},"16":{"start":{"line":59,"column":4},"end":{"line":59,"column":null}},"17":{"start":{"line":62,"column":4},"end":{"line":62,"column":null}},"18":{"start":{"line":62,"column":29},"end":{"line":62,"column":null}},"19":{"start":{"line":63,"column":4},"end":{"line":65,"column":null}},"20":{"start":{"line":64,"column":6},"end":{"line":64,"column":null}},"21":{"start":{"line":69,"column":2},"end":{"line":73,"column":null}},"22":{"start":{"line":70,"column":4},"end":{"line":71,"column":null}},"23":{"start":{"line":71,"column":6},"end":{"line":71,"column":null}},"24":{"start":{"line":71,"column":31},"end":{"line":71,"column":null}},"25":{"start":{"line":75,"column":2},"end":{"line":109,"column":null}},"26":{"start":{"line":88,"column":30},"end":{"line":88,"column":null}},"27":{"start":{"line":107,"column":29},"end":{"line":107,"column":61}}},"fnMap":{"0":{"name":"ChecklistItemCard","decl":{"start":{"line":26,"column":16},"end":{"line":26,"column":34}},"loc":{"start":{"line":34,"column":27},"end":{"line":109,"column":null}},"line":34},"1":{"name":"(anonymous_1)","decl":{"start":{"line":40,"column":2},"end":{"line":40,"column":18}},"loc":{"start":{"line":40,"column":18},"end":{"line":42,"column":6}},"line":40},"2":{"name":"(anonymous_2)","decl":{"start":{"line":45,"column":21},"end":{"line":45,"column":39}},"loc":{"start":{"line":45,"column":39},"end":{"line":51,"column":7}},"line":45},"3":{"name":"(anonymous_3)","decl":{"start":{"line":53,"column":2},"end":{"line":53,"column":18}},"loc":{"start":{"line":53,"column":18},"end":{"line":55,"column":6}},"line":53},"4":{"name":"(anonymous_4)","decl":{"start":{"line":57,"column":8},"end":{"line":57,"column":35}},"loc":{"start":{"line":57,"column":81},"end":{"line":65,"column":null}},"line":57},"5":{"name":"(anonymous_5)","decl":{"start":{"line":63,"column":26},"end":{"line":63,"column":43}},"loc":{"start":{"line":63,"column":43},"end":{"line":65,"column":11}},"line":63},"6":{"name":"(anonymous_6)","decl":{"start":{"line":69,"column":2},"end":{"line":69,"column":18}},"loc":{"start":{"line":69,"column":18},"end":{"line":73,"column":7}},"line":69},"7":{"name":"(anonymous_7)","decl":{"start":{"line":70,"column":4},"end":{"line":70,"column":17}},"loc":{"start":{"line":70,"column":17},"end":{"line":71,"column":null}},"line":70},"8":{"name":"(anonymous_8)","decl":{"start":{"line":88,"column":8},"end":{"line":88,"column":19}},"loc":{"start":{"line":88,"column":30},"end":{"line":88,"column":null}},"line":88},"9":{"name":"(anonymous_9)","decl":{"start":{"line":107,"column":8},"end":{"line":107,"column":20}},"loc":{"start":{"line":107,"column":29},"end":{"line":107,"column":61}},"line":107}},"branchMap":{"0":{"loc":{"start":{"line":35,"column":49},"end":{"line":35,"column":75}},"type":"binary-expr","locations":[{"start":{"line":35,"column":49},"end":{"line":35,"column":72}},{"start":{"line":35,"column":72},"end":{"line":35,"column":75}}],"line":35},"1":{"loc":{"start":{"line":41,"column":19},"end":{"line":41,"column":45}},"type":"binary-expr","locations":[{"start":{"line":41,"column":19},"end":{"line":41,"column":42}},{"start":{"line":41,"column":42},"end":{"line":41,"column":45}}],"line":41},"2":{"loc":{"start":{"line":47,"column":4},"end":{"line":49,"column":null}},"type":"if","locations":[{"start":{"line":47,"column":4},"end":{"line":49,"column":null}},{"start":{},"end":{}}],"line":47},"3":{"loc":{"start":{"line":62,"column":4},"end":{"line":62,"column":null}},"type":"if","locations":[{"start":{"line":62,"column":4},"end":{"line":62,"column":null}},{"start":{},"end":{}}],"line":62},"4":{"loc":{"start":{"line":71,"column":6},"end":{"line":71,"column":null}},"type":"if","locations":[{"start":{"line":71,"column":6},"end":{"line":71,"column":null}},{"start":{},"end":{}}],"line":71}},"s":{"0":1,"1":1,"2":19,"3":19,"4":19,"5":19,"6":14,"7":19,"8":17,"9":17,"10":17,"11":17,"12":19,"13":17,"14":19,"15":3,"16":3,"17":3,"18":1,"19":3,"20":2,"21":19,"22":14,"23":14,"24":2,"25":19,"26":1,"27":1},"f":{"0":19,"1":14,"2":17,"3":17,"4":3,"5":2,"6":14,"7":14,"8":1,"9":1},"b":{"0":[19,18],"1":[14,13],"2":[17,0],"3":[1,2],"4":[2,12]},"meta":{"lastBranch":5,"lastFunction":10,"lastStatement":28,"seen":{"s:1:0:1:Infinity":0,"s:9:60:14:Infinity":1,"f:26:16:26:34":0,"s:35:22:35:75":2,"b:35:49:35:72:35:72:35:75":0,"s:36:8:36:70":3,"s:37:8:37:55":4,"s:40:2:42:Infinity":5,"f:40:2:40:18":1,"s:41:4:41:Infinity":6,"b:41:19:41:42:41:42:41:45":1,"s:45:8:51:8":7,"f:45:21:45:39":2,"s:46:15:46:Infinity":8,"b:47:4:49:Infinity:undefined:undefined:undefined:undefined":2,"s:47:4:49:Infinity":9,"s:48:6:48:Infinity":10,"s:49:6:49:Infinity":11,"s:53:2:55:Infinity":12,"f:53:2:53:18":3,"s:54:4:54:Infinity":13,"s:57:8:65:Infinity":14,"f:57:8:57:35":4,"s:58:18:58:Infinity":15,"s:59:4:59:Infinity":16,"b:62:4:62:Infinity:undefined:undefined:undefined:undefined":3,"s:62:4:62:Infinity":17,"s:62:29:62:Infinity":18,"s:63:4:65:Infinity":19,"f:63:26:63:43":5,"s:64:6:64:Infinity":20,"s:69:2:73:Infinity":21,"f:69:2:69:18":6,"s:70:4:71:Infinity":22,"f:70:4:70:17":7,"b:71:6:71:Infinity:undefined:undefined:undefined:undefined":4,"s:71:6:71:Infinity":23,"s:71:31:71:Infinity":24,"s:75:2:109:Infinity":25,"f:88:8:88:19":8,"s:88:30:88:Infinity":26,"f:107:8:107:20":9,"s:107:29:107:61":27}}}
,"/Users/juanjosemarinelli/repositories/vindex/src/components/inspection/free-text-item-card.tsx": {"path":"/Users/juanjosemarinelli/repositories/vindex/src/components/inspection/free-text-item-card.tsx","statementMap":{"0":{"start":{"line":1,"column":0},"end":{"line":1,"column":null}},"1":{"start":{"line":24,"column":15},"end":{"line":24,"column":61}},"2":{"start":{"line":25,"column":8},"end":{"line":25,"column":70}},"3":{"start":{"line":26,"column":8},"end":{"line":26,"column":55}},"4":{"start":{"line":28,"column":2},"end":{"line":30,"column":null}},"5":{"start":{"line":29,"column":4},"end":{"line":29,"column":null}},"6":{"start":{"line":32,"column":8},"end":{"line":38,"column":8}},"7":{"start":{"line":33,"column":15},"end":{"line":33,"column":null}},"8":{"start":{"line":34,"column":4},"end":{"line":36,"column":null}},"9":{"start":{"line":35,"column":6},"end":{"line":35,"column":null}},"10":{"start":{"line":36,"column":6},"end":{"line":36,"column":null}},"11":{"start":{"line":40,"column":2},"end":{"line":42,"column":null}},"12":{"start":{"line":41,"column":4},"end":{"line":41,"column":null}},"13":{"start":{"line":44,"column":8},"end":{"line":51,"column":null}},"14":{"start":{"line":45,"column":18},"end":{"line":45,"column":null}},"15":{"start":{"line":46,"column":4},"end":{"line":46,"column":null}},"16":{"start":{"line":48,"column":4},"end":{"line":48,"column":null}},"17":{"start":{"line":48,"column":29},"end":{"line":48,"column":null}},"18":{"start":{"line":49,"column":4},"end":{"line":51,"column":null}},"19":{"start":{"line":50,"column":6},"end":{"line":50,"column":null}},"20":{"start":{"line":54,"column":2},"end":{"line":58,"column":null}},"21":{"start":{"line":55,"column":4},"end":{"line":56,"column":null}},"22":{"start":{"line":56,"column":6},"end":{"line":56,"column":null}},"23":{"start":{"line":56,"column":31},"end":{"line":56,"column":null}},"24":{"start":{"line":60,"column":2},"end":{"line":77,"column":null}},"25":{"start":{"line":75,"column":29},"end":{"line":75,"column":61}}},"fnMap":{"0":{"name":"FreeTextItemCard","decl":{"start":{"line":16,"column":16},"end":{"line":16,"column":33}},"loc":{"start":{"line":23,"column":26},"end":{"line":77,"column":null}},"line":23},"1":{"name":"(anonymous_1)","decl":{"start":{"line":28,"column":2},"end":{"line":28,"column":18}},"loc":{"start":{"line":28,"column":18},"end":{"line":30,"column":6}},"line":28},"2":{"name":"(anonymous_2)","decl":{"start":{"line":32,"column":21},"end":{"line":32,"column":39}},"loc":{"start":{"line":32,"column":39},"end":{"line":38,"column":7}},"line":32},"3":{"name":"(anonymous_3)","decl":{"start":{"line":40,"column":2},"end":{"line":40,"column":18}},"loc":{"start":{"line":40,"column":18},"end":{"line":42,"column":6}},"line":40},"4":{"name":"(anonymous_4)","decl":{"start":{"line":44,"column":8},"end":{"line":44,"column":24}},"loc":{"start":{"line":44,"column":70},"end":{"line":51,"column":null}},"line":44},"5":{"name":"(anonymous_5)","decl":{"start":{"line":49,"column":26},"end":{"line":49,"column":43}},"loc":{"start":{"line":49,"column":43},"end":{"line":51,"column":11}},"line":49},"6":{"name":"(anonymous_6)","decl":{"start":{"line":54,"column":2},"end":{"line":54,"column":18}},"loc":{"start":{"line":54,"column":18},"end":{"line":58,"column":7}},"line":54},"7":{"name":"(anonymous_7)","decl":{"start":{"line":55,"column":4},"end":{"line":55,"column":17}},"loc":{"start":{"line":55,"column":17},"end":{"line":56,"column":null}},"line":55},"8":{"name":"(anonymous_8)","decl":{"start":{"line":75,"column":8},"end":{"line":75,"column":20}},"loc":{"start":{"line":75,"column":29},"end":{"line":75,"column":61}},"line":75}},"branchMap":{"0":{"loc":{"start":{"line":24,"column":35},"end":{"line":24,"column":61}},"type":"binary-expr","locations":[{"start":{"line":24,"column":35},"end":{"line":24,"column":58}},{"start":{"line":24,"column":58},"end":{"line":24,"column":61}}],"line":24},"1":{"loc":{"start":{"line":29,"column":12},"end":{"line":29,"column":38}},"type":"binary-expr","locations":[{"start":{"line":29,"column":12},"end":{"line":29,"column":35}},{"start":{"line":29,"column":35},"end":{"line":29,"column":38}}],"line":29},"2":{"loc":{"start":{"line":34,"column":4},"end":{"line":36,"column":null}},"type":"if","locations":[{"start":{"line":34,"column":4},"end":{"line":36,"column":null}},{"start":{},"end":{}}],"line":34},"3":{"loc":{"start":{"line":48,"column":4},"end":{"line":48,"column":null}},"type":"if","locations":[{"start":{"line":48,"column":4},"end":{"line":48,"column":null}},{"start":{},"end":{}}],"line":48},"4":{"loc":{"start":{"line":56,"column":6},"end":{"line":56,"column":null}},"type":"if","locations":[{"start":{"line":56,"column":6},"end":{"line":56,"column":null}},{"start":{},"end":{}}],"line":56}},"s":{"0":1,"1":20,"2":20,"3":20,"4":20,"5":13,"6":20,"7":17,"8":17,"9":17,"10":17,"11":20,"12":17,"13":20,"14":4,"15":4,"16":4,"17":2,"18":4,"19":2,"20":20,"21":12,"22":12,"23":2,"24":20,"25":1},"f":{"0":20,"1":13,"2":17,"3":17,"4":4,"5":2,"6":12,"7":12,"8":1},"b":{"0":[20,16],"1":[13,10],"2":[17,0],"3":[2,2],"4":[2,10]},"meta":{"lastBranch":5,"lastFunction":9,"lastStatement":26,"seen":{"s:1:0:1:Infinity":0,"f:16:16:16:33":0,"s:24:15:24:61":1,"b:24:35:24:58:24:58:24:61":0,"s:25:8:25:70":2,"s:26:8:26:55":3,"s:28:2:30:Infinity":4,"f:28:2:28:18":1,"s:29:4:29:Infinity":5,"b:29:12:29:35:29:35:29:38":1,"s:32:8:38:8":6,"f:32:21:32:39":2,"s:33:15:33:Infinity":7,"b:34:4:36:Infinity:undefined:undefined:undefined:undefined":2,"s:34:4:36:Infinity":8,"s:35:6:35:Infinity":9,"s:36:6:36:Infinity":10,"s:40:2:42:Infinity":11,"f:40:2:40:18":3,"s:41:4:41:Infinity":12,"s:44:8:51:Infinity":13,"f:44:8:44:24":4,"s:45:18:45:Infinity":14,"s:46:4:46:Infinity":15,"b:48:4:48:Infinity:undefined:undefined:undefined:undefined":3,"s:48:4:48:Infinity":16,"s:48:29:48:Infinity":17,"s:49:4:51:Infinity":18,"f:49:26:49:43":5,"s:50:6:50:Infinity":19,"s:54:2:58:Infinity":20,"f:54:2:54:18":6,"s:55:4:56:Infinity":21,"f:55:4:55:17":7,"b:56:6:56:Infinity:undefined:undefined:undefined:undefined":4,"s:56:6:56:Infinity":22,"s:56:31:56:Infinity":23,"s:60:2:77:Infinity":24,"f:75:8:75:20":8,"s:75:29:75:61":25}}}
,"/Users/juanjosemarinelli/repositories/vindex/src/components/inspection/photo-capture.tsx": {"path":"/Users/juanjosemarinelli/repositories/vindex/src/components/inspection/photo-capture.tsx","statementMap":{"0":{"start":{"line":1,"column":0},"end":{"line":1,"column":null}},"1":{"start":{"line":14,"column":8},"end":{"line":14,"column":53}},"2":{"start":{"line":15,"column":19},"end":{"line":15,"column":70}},"3":{"start":{"line":18,"column":2},"end":{"line":34,"column":null}},"4":{"start":{"line":19,"column":41},"end":{"line":19,"column":43}},"5":{"start":{"line":20,"column":4},"end":{"line":24,"column":null}},"6":{"start":{"line":21,"column":6},"end":{"line":24,"column":null}},"7":{"start":{"line":22,"column":8},"end":{"line":22,"column":null}},"8":{"start":{"line":23,"column":17},"end":{"line":24,"column":null}},"9":{"start":{"line":24,"column":8},"end":{"line":24,"column":null}},"10":{"start":{"line":27,"column":4},"end":{"line":27,"column":null}},"11":{"start":{"line":29,"column":4},"end":{"line":32,"column":null}},"12":{"start":{"line":30,"column":6},"end":{"line":32,"column":null}},"13":{"start":{"line":31,"column":8},"end":{"line":31,"column":null}},"14":{"start":{"line":31,"column":37},"end":{"line":31,"column":null}},"15":{"start":{"line":36,"column":8},"end":{"line":37,"column":null}},"16":{"start":{"line":37,"column":4},"end":{"line":37,"column":null}},"17":{"start":{"line":40,"column":8},"end":{"line":45,"column":null}},"18":{"start":{"line":41,"column":17},"end":{"line":41,"column":null}},"19":{"start":{"line":42,"column":4},"end":{"line":45,"column":null}},"20":{"start":{"line":43,"column":6},"end":{"line":43,"column":null}},"21":{"start":{"line":45,"column":6},"end":{"line":45,"column":null}},"22":{"start":{"line":49,"column":2},"end":{"line":99,"column":null}},"23":{"start":{"line":71,"column":20},"end":{"line":71,"column":null}},"24":{"start":{"line":72,"column":8},"end":{"line":72,"column":null}},"25":{"start":{"line":72,"column":18},"end":{"line":72,"column":null}},"26":{"start":{"line":74,"column":8},"end":{"line":99,"column":null}},"27":{"start":{"line":87,"column":31},"end":{"line":87,"column":49}}},"fnMap":{"0":{"name":"PhotoCapture","decl":{"start":{"line":13,"column":16},"end":{"line":13,"column":29}},"loc":{"start":{"line":13,"column":81},"end":{"line":99,"column":null}},"line":13},"1":{"name":"(anonymous_1)","decl":{"start":{"line":18,"column":2},"end":{"line":18,"column":18}},"loc":{"start":{"line":18,"column":18},"end":{"line":34,"column":6}},"line":18},"2":{"name":"(anonymous_2)","decl":{"start":{"line":29,"column":4},"end":{"line":29,"column":17}},"loc":{"start":{"line":29,"column":17},"end":{"line":32,"column":null}},"line":29},"3":{"name":"(anonymous_3)","decl":{"start":{"line":30,"column":26},"end":{"line":30,"column":35}},"loc":{"start":{"line":30,"column":43},"end":{"line":32,"column":null}},"line":30},"4":{"name":"(anonymous_4)","decl":{"start":{"line":36,"column":8},"end":{"line":36,"column":28}},"loc":{"start":{"line":36,"column":28},"end":{"line":37,"column":null}},"line":36},"5":{"name":"(anonymous_5)","decl":{"start":{"line":40,"column":8},"end":{"line":40,"column":28}},"loc":{"start":{"line":40,"column":71},"end":{"line":45,"column":null}},"line":40},"6":{"name":"(anonymous_6)","decl":{"start":{"line":70,"column":14},"end":{"line":70,"column":19}},"loc":{"start":{"line":70,"column":29},"end":{"line":99,"column":null}},"line":70},"7":{"name":"(anonymous_7)","decl":{"start":{"line":87,"column":16},"end":{"line":87,"column":31}},"loc":{"start":{"line":87,"column":31},"end":{"line":87,"column":49}},"line":87}},"branchMap":{"0":{"loc":{"start":{"line":21,"column":6},"end":{"line":24,"column":null}},"type":"if","locations":[{"start":{"line":21,"column":6},"end":{"line":24,"column":null}},{"start":{"line":23,"column":17},"end":{"line":24,"column":null}}],"line":21},"1":{"loc":{"start":{"line":23,"column":17},"end":{"line":24,"column":null}},"type":"if","locations":[{"start":{"line":23,"column":17},"end":{"line":24,"column":null}},{"start":{},"end":{}}],"line":23},"2":{"loc":{"start":{"line":31,"column":8},"end":{"line":31,"column":null}},"type":"if","locations":[{"start":{"line":31,"column":8},"end":{"line":31,"column":null}},{"start":{},"end":{}}],"line":31},"3":{"loc":{"start":{"line":42,"column":4},"end":{"line":45,"column":null}},"type":"if","locations":[{"start":{"line":42,"column":4},"end":{"line":45,"column":null}},{"start":{},"end":{}}],"line":42},"4":{"loc":{"start":{"line":72,"column":8},"end":{"line":72,"column":null}},"type":"if","locations":[{"start":{"line":72,"column":8},"end":{"line":72,"column":null}},{"start":{},"end":{}}],"line":72},"5":{"loc":{"start":{"line":81,"column":19},"end":{"line":81,"column":null}},"type":"binary-expr","locations":[{"start":{"line":81,"column":19},"end":{"line":81,"column":36}},{"start":{"line":81,"column":36},"end":{"line":81,"column":null}}],"line":81},"6":{"loc":{"start":{"line":84,"column":13},"end":{"line":92,"column":null}},"type":"binary-expr","locations":[{"start":{"line":84,"column":13},"end":{"line":84,"column":null}},{"start":{"line":85,"column":14},"end":{"line":92,"column":null}}],"line":84},"7":{"loc":{"start":{"line":94,"column":13},"end":{"line":97,"column":null}},"type":"binary-expr","locations":[{"start":{"line":94,"column":13},"end":{"line":94,"column":32}},{"start":{"line":94,"column":32},"end":{"line":94,"column":null}},{"start":{"line":95,"column":14},"end":{"line":97,"column":null}}],"line":94}},"s":{"0":1,"1":36,"2":36,"3":36,"4":18,"5":18,"6":13,"7":8,"8":5,"9":4,"10":18,"11":18,"12":18,"13":12,"14":8,"15":36,"16":1,"17":36,"18":3,"19":3,"20":2,"21":2,"22":36,"23":26,"24":26,"25":14,"26":12,"27":1},"f":{"0":36,"1":18,"2":18,"3":12,"4":1,"5":3,"6":26,"7":1},"b":{"0":[8,5],"1":[4,1],"2":[8,4],"3":[2,1],"4":[14,12],"5":[12,9],"6":[26,2],"7":[26,8,8]},"meta":{"lastBranch":8,"lastFunction":8,"lastStatement":28,"seen":{"s:1:0:1:Infinity":0,"f:13:16:13:29":0,"s:14:8:14:53":1,"s:15:19:15:70":2,"s:18:2:34:Infinity":3,"f:18:2:18:18":1,"s:19:41:19:43":4,"s:20:4:24:Infinity":5,"b:21:6:24:Infinity:23:17:24:Infinity":0,"s:21:6:24:Infinity":6,"s:22:8:22:Infinity":7,"b:23:17:24:Infinity:undefined:undefined:undefined:undefined":1,"s:23:17:24:Infinity":8,"s:24:8:24:Infinity":9,"s:27:4:27:Infinity":10,"s:29:4:32:Infinity":11,"f:29:4:29:17":2,"s:30:6:32:Infinity":12,"f:30:26:30:35":3,"b:31:8:31:Infinity:undefined:undefined:undefined:undefined":2,"s:31:8:31:Infinity":13,"s:31:37:31:Infinity":14,"s:36:8:37:Infinity":15,"f:36:8:36:28":4,"s:37:4:37:Infinity":16,"s:40:8:45:Infinity":17,"f:40:8:40:28":5,"s:41:17:41:Infinity":18,"b:42:4:45:Infinity:undefined:undefined:undefined:undefined":3,"s:42:4:45:Infinity":19,"s:43:6:43:Infinity":20,"s:45:6:45:Infinity":21,"s:49:2:99:Infinity":22,"f:70:14:70:19":6,"s:71:20:71:Infinity":23,"b:72:8:72:Infinity:undefined:undefined:undefined:undefined":4,"s:72:8:72:Infinity":24,"s:72:18:72:Infinity":25,"s:74:8:99:Infinity":26,"b:81:19:81:36:81:36:81:Infinity":5,"b:84:13:84:Infinity:85:14:92:Infinity":6,"f:87:16:87:31":7,"s:87:31:87:49":27,"b:94:13:94:32:94:32:94:Infinity:95:14:97:Infinity":7}}}
,"/Users/juanjosemarinelli/repositories/vindex/src/components/inspection/section-tabs.tsx": {"path":"/Users/juanjosemarinelli/repositories/vindex/src/components/inspection/section-tabs.tsx","statementMap":{"0":{"start":{"line":1,"column":0},"end":{"line":1,"column":null}},"1":{"start":{"line":23,"column":8},"end":{"line":23,"column":58}},"2":{"start":{"line":26,"column":2},"end":{"line":32,"column":null}},"3":{"start":{"line":27,"column":4},"end":{"line":31,"column":null}},"4":{"start":{"line":34,"column":2},"end":{"line":70,"column":null}},"5":{"start":{"line":41,"column":25},"end":{"line":41,"column":null}},"6":{"start":{"line":42,"column":27},"end":{"line":42,"column":null}},"7":{"start":{"line":43,"column":31},"end":{"line":43,"column":null}},"8":{"start":{"line":44,"column":29},"end":{"line":44,"column":null}},"9":{"start":{"line":46,"column":8},"end":{"line":67,"column":null}},"10":{"start":{"line":49,"column":27},"end":{"line":49,"column":null}},"11":{"start":{"line":52,"column":27},"end":{"line":52,"column":38}}},"fnMap":{"0":{"name":"SectionTabs","decl":{"start":{"line":17,"column":16},"end":{"line":17,"column":28}},"loc":{"start":{"line":22,"column":21},"end":{"line":70,"column":null}},"line":22},"1":{"name":"(anonymous_1)","decl":{"start":{"line":26,"column":2},"end":{"line":26,"column":18}},"loc":{"start":{"line":26,"column":18},"end":{"line":32,"column":6}},"line":26},"2":{"name":"(anonymous_2)","decl":{"start":{"line":40,"column":16},"end":{"line":40,"column":21}},"loc":{"start":{"line":40,"column":36},"end":{"line":67,"column":null}},"line":40},"3":{"name":"(anonymous_3)","decl":{"start":{"line":49,"column":12},"end":{"line":49,"column":18}},"loc":{"start":{"line":49,"column":25},"end":{"line":49,"column":null}},"line":49},"4":{"name":"(anonymous_4)","decl":{"start":{"line":52,"column":12},"end":{"line":52,"column":27}},"loc":{"start":{"line":52,"column":27},"end":{"line":52,"column":38}},"line":52}},"branchMap":{"0":{"loc":{"start":{"line":43,"column":31},"end":{"line":43,"column":null}},"type":"binary-expr","locations":[{"start":{"line":43,"column":31},"end":{"line":43,"column":62}},{"start":{"line":43,"column":62},"end":{"line":43,"column":null}}],"line":43},"1":{"loc":{"start":{"line":44,"column":29},"end":{"line":44,"column":null}},"type":"binary-expr","locations":[{"start":{"line":44,"column":29},"end":{"line":44,"column":47}},{"start":{"line":44,"column":47},"end":{"line":44,"column":null}}],"line":44},"2":{"loc":{"start":{"line":55,"column":14},"end":{"line":57,"column":null}},"type":"cond-expr","locations":[{"start":{"line":56,"column":18},"end":{"line":56,"column":null}},{"start":{"line":57,"column":18},"end":{"line":57,"column":null}}],"line":55},"3":{"loc":{"start":{"line":61,"column":13},"end":{"line":62,"column":null}},"type":"binary-expr","locations":[{"start":{"line":61,"column":13},"end":{"line":61,"column":null}},{"start":{"line":62,"column":14},"end":{"line":62,"column":null}}],"line":61},"4":{"loc":{"start":{"line":64,"column":13},"end":{"line":65,"column":null}},"type":"binary-expr","locations":[{"start":{"line":64,"column":13},"end":{"line":64,"column":null}},{"start":{"line":65,"column":14},"end":{"line":65,"column":null}}],"line":64}},"s":{"0":1,"1":6,"2":6,"3":6,"4":6,"5":18,"6":18,"7":18,"8":18,"9":18,"10":36,"11":1},"f":{"0":6,"1":6,"2":18,"3":36,"4":1},"b":{"0":[18,15],"1":[18,12],"2":[6,12],"3":[18,1],"4":[18,6]},"meta":{"lastBranch":5,"lastFunction":5,"lastStatement":12,"seen":{"s:1:0:1:Infinity":0,"f:17:16:17:28":0,"s:23:8:23:58":1,"s:26:2:32:Infinity":2,"f:26:2:26:18":1,"s:27:4:31:Infinity":3,"s:34:2:70:Infinity":4,"f:40:16:40:21":2,"s:41:25:41:Infinity":5,"s:42:27:42:Infinity":6,"s:43:31:43:Infinity":7,"b:43:31:43:62:43:62:43:Infinity":0,"s:44:29:44:Infinity":8,"b:44:29:44:47:44:47:44:Infinity":1,"s:46:8:67:Infinity":9,"f:49:12:49:18":3,"s:49:27:49:Infinity":10,"f:52:12:52:27":4,"s:52:27:52:38":11,"b:56:18:56:Infinity:57:18:57:Infinity":2,"b:61:13:61:Infinity:62:14:62:Infinity":3,"b:64:13:64:Infinity:65:14:65:Infinity":4}}}
,"/Users/juanjosemarinelli/repositories/vindex/src/components/inspection/status-buttons.tsx": {"path":"/Users/juanjosemarinelli/repositories/vindex/src/components/inspection/status-buttons.tsx","statementMap":{"0":{"start":{"line":1,"column":0},"end":{"line":1,"column":null}},"1":{"start":{"line":9,"column":4},"end":{"line":38,"column":null}},"2":{"start":{"line":40,"column":38},"end":{"line":45,"column":null}},"3":{"start":{"line":53,"column":2},"end":{"line":81,"column":null}},"4":{"start":{"line":56,"column":23},"end":{"line":56,"column":null}},"5":{"start":{"line":57,"column":27},"end":{"line":57,"column":null}},"6":{"start":{"line":59,"column":8},"end":{"line":78,"column":null}},"7":{"start":{"line":67,"column":14},"end":{"line":67,"column":null}}},"fnMap":{"0":{"name":"StatusButtons","decl":{"start":{"line":52,"column":16},"end":{"line":52,"column":30}},"loc":{"start":{"line":52,"column":71},"end":{"line":81,"column":null}},"line":52},"1":{"name":"(anonymous_1)","decl":{"start":{"line":55,"column":20},"end":{"line":55,"column":25}},"loc":{"start":{"line":55,"column":36},"end":{"line":78,"column":null}},"line":55},"2":{"name":"(anonymous_2)","decl":{"start":{"line":65,"column":12},"end":{"line":65,"column":27}},"loc":{"start":{"line":65,"column":27},"end":{"line":67,"column":null}},"line":65}},"branchMap":{"0":{"loc":{"start":{"line":67,"column":23},"end":{"line":67,"column":61}},"type":"cond-expr","locations":[{"start":{"line":67,"column":36},"end":{"line":67,"column":54}},{"start":{"line":67,"column":54},"end":{"line":67,"column":61}}],"line":67},"1":{"loc":{"start":{"line":71,"column":14},"end":{"line":73,"column":null}},"type":"cond-expr","locations":[{"start":{"line":72,"column":18},"end":{"line":72,"column":null}},{"start":{"line":73,"column":18},"end":{"line":73,"column":null}}],"line":71}},"s":{"0":1,"1":1,"2":1,"3":10,"4":40,"5":40,"6":40,"7":4},"f":{"0":10,"1":40,"2":4},"b":{"0":[1,3],"1":[10,30]},"meta":{"lastBranch":2,"lastFunction":3,"lastStatement":8,"seen":{"s:1:0:1:Infinity":0,"s:9:4:38:Infinity":1,"s:40:38:45:Infinity":2,"f:52:16:52:30":0,"s:53:2:81:Infinity"
[...]
nd":{"line":106,"column":null}},"35":{"start":{"line":86,"column":6},"end":{"line":86,"column":null}},"36":{"start":{"line":88,"column":6},"end":{"line":103,"column":null}},"37":{"start":{"line":89,"column":8},"end":{"line":89,"column":null}},"38":{"start":{"line":90,"column":8},"end":{"line":98,"column":null}},"39":{"start":{"line":99,"column":8},"end":{"line":99,"column":null}},"40":{"start":{"line":100,"column":8},"end":{"line":100,"column":null}},"41":{"start":{"line":100,"column":36},"end":{"line":100,"column":null}},"42":{"start":{"line":101,"column":8},"end":{"line":101,"column":null}},"43":{"start":{"line":101,"column":50},"end":{"line":101,"column":72}},"44":{"start":{"line":103,"column":8},"end":{"line":103,"column":null}},"45":{"start":{"line":112,"column":8},"end":{"line":134,"column":null}},"46":{"start":{"line":114,"column":6},"end":{"line":114,"column":null}},"47":{"start":{"line":116,"column":6},"end":{"line":131,"column":null}},"48":{"start":{"line":117,"column":8},"end":{"line":117,"column":null}},"49":{"start":{"line":118,"column":8},"end":{"line":126,"column":null}},"50":{"start":{"line":127,"column":8},"end":{"line":127,"column":null}},"51":{"start":{"line":128,"column":8},"end":{"line":128,"column":null}},"52":{"start":{"line":128,"column":36},"end":{"line":128,"column":null}},"53":{"start":{"line":129,"column":8},"end":{"line":129,"column":null}},"54":{"start":{"line":129,"column":50},"end":{"line":129,"column":72}},"55":{"start":{"line":131,"column":8},"end":{"line":131,"column":null}},"56":{"start":{"line":138,"column":2},"end":{"line":142,"column":null}},"57":{"start":{"line":139,"column":4},"end":{"line":140,"column":null}},"58":{"start":{"line":140,"column":6},"end":{"line":140,"column":null}},"59":{"start":{"line":140,"column":34},"end":{"line":140,"column":null}},"60":{"start":{"line":144,"column":2},"end":{"line":144,"column":null}}},"fnMap":{"0":{"name":"useOfflineStatus","decl":{"start":{"line":14,"column":16},"end":{"line":14,"column":35}},"loc":{"start":{"line":14,"column":35},"end":{"line":32,"column":null}},"line":14},"1":{"name":"(anonymous_1)","decl":{"start":{"line":19,"column":2},"end":{"line":19,"column":18}},"loc":{"start":{"line":19,"column":18},"end":{"line":30,"column":7}},"line":19},"2":{"name":"(anonymous_2)","decl":{"start":{"line":20,"column":10},"end":{"line":20,"column":31}},"loc":{"start":{"line":20,"column":31},"end":{"line":20,"column":48}},"line":20},"3":{"name":"(anonymous_3)","decl":{"start":{"line":21,"column":10},"end":{"line":21,"column":32}},"loc":{"start":{"line":21,"column":32},"end":{"line":21,"column":50}},"line":21},"4":{"name":"(anonymous_4)","decl":{"start":{"line":26,"column":4},"end":{"line":26,"column":17}},"loc":{"start":{"line":26,"column":17},"end":{"line":28,"column":null}},"line":26},"5":{"name":"useDraft","decl":{"start":{"line":37,"column":16},"end":{"line":37,"column":25}},"loc":{"start":{"line":37,"column":49},"end":{"line":63,"column":null}},"line":37},"6":{"name":"(anonymous_6)","decl":{"start":{"line":41,"column":2},"end":{"line":41,"column":18}},"loc":{"start":{"line":41,"column":18},"end":{"line":51,"column":6}},"line":41},"7":{"name":"(anonymous_7)","decl":{"start":{"line":47,"column":27},"end":{"line":47,"column":33}},"loc":{"start":{"line":47,"column":39},"end":{"line":50,"column":null}},"line":47},"8":{"name":"(anonymous_8)","decl":{"start":{"line":54,"column":4},"end":{"line":54,"column":11}},"loc":{"start":{"line":54,"column":49},"end":{"line":60,"column":5}},"line":54},"9":{"name":"useAutoSave","decl":{"start":{"line":70,"column":16},"end":{"line":70,"column":28}},"loc":{"start":{"line":70,"column":78},"end":{"line":144,"column":null}},"line":70},"10":{"name":"(anonymous_10)","decl":{"start":{"line":75,"column":2},"end":{"line":75,"column":18}},"loc":{"start":{"line":75,"column":18},"end":{"line":79,"column":6}},"line":75},"11":{"name":"(anonymous_11)","decl":{"start":{"line":85,"column":4},"end":{"line":85,"column":11}},"loc":{"start":{"line":85,"column":37},"end":{"line":106,"column":5}},"line":85},"12":{"name":"(anonymous_12)","decl":{"start":{"line":101,"column":33},"end":{"line":101,"column":50}},"loc":{"start":{"line":101,"column":50},"end":{"line":101,"column":72}},"line":101},"13":{"name":"(anonymous_13)","decl":{"start":{"line":113,"column":4},"end":{"line":113,"column":11}},"loc":{"start":{"line":113,"column":37},"end":{"line":134,"column":5}},"line":113},"14":{"name":"(anonymous_14)","decl":{"start":{"line":129,"column":33},"end":{"line":129,"column":50}},"loc":{"start":{"line":129,"column":50},"end":{"line":129,"column":72}},"line":129},"15":{"name":"(anonymous_15)","decl":{"start":{"line":138,"column":2},"end":{"line":138,"column":18}},"loc":{"start":{"line":138,"column":18},"end":{"line":142,"column":7}},"line":138},"16":{"name":"(anonymous_16)","decl":{"start":{"line":139,"column":4},"end":{"line":139,"column":17}},"loc":{"start":{"line":139,"column":17},"end":{"line":140,"column":null}},"line":139}},"branchMap":{"0":{"loc":{"start":{"line":16,"column":4},"end":{"line":16,"column":null}},"type":"cond-expr","locations":[{"start":{"line":16,"column":39},"end":{"line":16,"column":58}},{"start":{"line":16,"column":58},"end":{"line":16,"column":null}}],"line":16},"1":{"loc":{"start":{"line":42,"column":4},"end":{"line":44,"column":null}},"type":"if","locations":[{"start":{"line":42,"column":4},"end":{"line":44,"column":null}},{"start":{},"end":{}}],"line":42},"2":{"loc":{"start":{"line":48,"column":15},"end":{"line":48,"column":25}},"type":"binary-expr","locations":[{"start":{"line":48,"column":15},"end":{"line":48,"column":20}},{"start":{"line":48,"column":20},"end":{"line":48,"column":25}}],"line":48},"3":{"loc":{"start":{"line":55,"column":6},"end":{"line":55,"column":null}},"type":"if","locations":[{"start":{"line":55,"column":6},"end":{"line":55,"column":null}},{"start":{},"end":{}}],"line":55},"4":{"loc":{"start":{"line":76,"column":4},"end":{"line":77,"column":null}},"type":"if","locations":[{"start":{"line":76,"column":4},"end":{"line":77,"column":null}},{"start":{},"end":{}}],"line":76},"5":{"loc":{"start":{"line":88,"column":6},"end":{"line":103,"column":null}},"type":"if","locations":[{"start":{"line":88,"column":6},"end":{"line":103,"column":null}},{"start":{"line":102,"column":13},"end":{"line":103,"column":null}}],"line":88},"6":{"loc":{"start":{"line":100,"column":8},"end":{"line":100,"column":null}},"type":"if","locations":[{"start":{"line":100,"column":8},"end":{"line":100,"column":null}},{"start":{},"end":{}}],"line":100},"7":{"loc":{"start":{"line":116,"column":6},"end":{"line":131,"column":null}},"type":"if","locations":[{"start":{"line":116,"column":6},"end":{"line":131,"column":null}},{"start":{"line":130,"column":13},"end":{"line":131,"column":null}}],"line":116},"8":{"loc":{"start":{"line":128,"column":8},"end":{"line":128,"column":null}},"type":"if","locations":[{"start":{"line":128,"column":8},"end":{"line":128,"column":null}},{"start":{},"end":{}}],"line":128},"9":{"loc":{"start":{"line":140,"column":6},"end":{"line":140,"column":null}},"type":"if","locations":[{"start":{"line":140,"column":6},"end":{"line":140,"column":null}},{"start":{},"end":{}}],"line":140}},"s":{"0":1,"1":6,"2":6,"3":4,"4":1,"5":4,"6":1,"7":4,"8":4,"9":4,"10":4,"11":4,"12":6,"13":11,"14":11,"15":11,"16":5,"17":1,"18":1,"19":4,"20":4,"21":4,"22":11,"23":2,"24":1,"25":1,"26":1,"27":1,"28":11,"29":22,"30":22,"31":22,"32":10,"33":3,"34":22,"35":4,"36":4,"37":3,"38":3,"39":3,"40":3,"41":0,"42":3,"43":1,"44":1,"45":22,"46":3,"47":3,"48":2,"49":2,"50":2,"51":2,"52":0,"53":2,"54":1,"55":1,"56":22,"57":9,"58":9,"59":5,"60":22},"f":{"0":6,"1":4,"2":1,"3":1,"4":4,"5":11,"6":5,"7":4,"8":2,"9":22,"10":10,"11":4,"12":1,"13":3,"14":1,"15":9,"16":9},"b":{"0":[6,0],"1":[1,4],"2":[4,2],"3":[1,1],"4":[3,7],"5":[3,1],"6":[0,3],"7":[2,1],"8":[0,2],"9":[5,4]},"meta":{"lastBranch":10,"lastFunction":17,"lastStatement":61,"seen":{"s:1:0:1:Infinity":0,"f:14:16:14:35":0,"s:15:19:16:Infinity":1,"b:16:39:16:58:16:58:16:Infinity":0,"s:19:2:30:Infinity":2,"f:19:2:19:18":1,"s:20:10:20:48":3,"f:20:10:20:31":2,"s:20:31:20:48":4,"s:21:10:21:50":5,"f:21:10:21:32":3,"s:21:32:21:50":6,"s:23:4:23:Infinity":7,"s:24:4:24:Infinity":8,"s:26:4:28:Infinity":9,"f:26:4:26:17":4,"s:27:6:27:Infinity":10,"s:28:6:28:Infinity":11,"s:32:2:32:Infinity":12,"f:37:16:37:25":5,"s:38:16:38:66":13,"s:39:18:39:46":14,"s:41:2:51:Infinity":15,"f:41:2:41:18":6,"b:42:4:44:Infinity:undefined:undefined:undefined:undefined":1,"s:42:4:44:Infinity":16,"s:43:6:43:Infinity":17,"s:44:6:44:Infinity":18,"s:47:4:50:Infinity":19,"f:47:27:47:33":7,"s:48:6:48:Infinity":20,"b:48:15:48:20:48:20:48:25":2,"s:49:6:49:Infinity":21,"s:53:8:60:Infinity":22,"f:54:4:54:11":8,"b:55:6:55:Infinity:undefined:undefined:undefined:undefined":3,"s:55:6:55:Infinity":23,"s:55:18:55:Infinity":24,"s:56:22:56:Infinity":25,"s:57:6:57:Infinity":26,"s:58:6:58:Infinity":27,"s:63:2:63:Infinity":28,"f:70:16:70:28":9,"s:71:21:71:67":29,"s:72:8:72:73":30,"s:75:2:79:Infinity":31,"f:75:2:75:18":10,"b:76:4:77:Infinity:undefined:undefined:undefined:undefined":4,"s:76:4:77:Infinity":32,"s:77:6:77:Infinity":33,"s:84:8:106:Infinity":34,"f:85:4:85:11":11,"s:86:6:86:Infinity":35,"b:88:6:103:Infinity:102:13:103:Infinity":5,"s:88:6:103:Infinity":36,"s:89:8:89:Infinity":37,"s:90:8:98:Infinity":38,"s:99:8:99:Infinity":39,"b:100:8:100:Infinity:undefined:undefined:undefined:undefined":6,"s:100:8:100:Infinity":40,"s:100:36:100:Infinity":41,"s:101:8:101:Infinity":42,"f:101:33:101:50":12,"s:101:50:101:72":43,"s:103:8:103:Infinity":44,"s:112:8:134:Infinity":45,"f:113:4:113:11":13,"s:114:6:114:Infinity":46,"b:116:6:131:Infinity:130:13:131:Infinity":7,"s:116:6:131:Infinity":47,"s:117:8:117:Infinity":48,"s:118:8:126:Infinity":49,"s:127:8:127:Infinity":50,"b:128:8:128:Infinity:undefined:undefined:undefined:undefined":8,"s:128:8:128:Infinity":51,"s:128:36:128:Infinity":52,"s:129:8:129:Infinity":53,"f:129:33:129:50":14,"s:129:50:129:72":54,"s:131:8:131:Infinity":55,"s:138:2:142:Infinity":56,"f:138:2:138:18":15,"s:139:4:140:Infinity":57,"f:139:4:139:17":16,"b:140:6:140:Infinity:undefined:undefined:undefined:undefined":9,"s:140:6:140:Infinity":58,"s:140:34:140:Infinity":59,"s:144:2:144:Infinity":60}}}
,"/Users/juanjosemarinelli/repositories/vindex/src/offline/photo-queue.ts": {"path":"/Users/juanjosemarinelli/repositories/vindex/src/offline/photo-queue.ts","statementMap":{"0":{"start":{"line":1,"column":0},"end":{"line":1,"column":null}},"1":{"start":{"line":15,"column":2},"end":{"line":56,"column":null}},"2":{"start":{"line":16,"column":16},"end":{"line":16,"column":27}},"3":{"start":{"line":17,"column":16},"end":{"line":17,"column":41}},"4":{"start":{"line":19,"column":4},"end":{"line":47,"column":null}},"5":{"start":{"line":20,"column":6},"end":{"line":20,"column":null}},"6":{"start":{"line":22,"column":30},"end":{"line":22,"column":null}},"7":{"start":{"line":23,"column":6},"end":{"line":25,"column":null}},"8":{"start":{"line":24,"column":8},"end":{"line":24,"column":null}},"9":{"start":{"line":25,"column":8},"end":{"line":25,"column":null}},"10":{"start":{"line":28,"column":21},"end":{"line":28,"column":53}},"11":{"start":{"line":29,"column":6},"end":{"line":29,"column":null}},"12":{"start":{"line":30,"column":6},"end":{"line":30,"column":null}},"13":{"start":{"line":32,"column":18},"end":{"line":32,"column":41}},"14":{"start":{"line":33,"column":6},"end":{"line":35,"column":null}},"15":{"start":{"line":34,"column":8},"end":{"line":34,"column":null}},"16":{"start":{"line":35,"column":8},"end":{"line":35,"column":null}},"17":{"start":{"line":38,"column":6},"end":{"line":38,"column":null}},"18":{"start":{"line":40,"column":6},"end":{"line":47,"column":null}},"19":{"start":{"line":42,"column":10},"end":{"line":43,"column":null}},"20":{"start":{"line":42,"column":20},"end":{"line":42,"column":null}},"21":{"start":{"line":43,"column":15},"end":{"line":43,"column":null}},"22":{"start":{"line":50,"column":4},"end":{"line":52,"column":null}},"23":{"start":{"line":51,"column":6},"end":{"line":51,"column":null}},"24":{"start":{"line":52,"column":6},"end":{"line":52,"column":null}},"25":{"start":{"line":55,"column":4},"end":{"line":55,"column":null}},"26":{"start":{"line":67,"column":15},"end":{"line":67,"column":47}},"27":{"start":{"line":69,"column":17},"end":{"line":69,"column":55}},"28":{"start":{"line":70,"column":24},"end":{"line":72,"column":40}},"29":{"start":{"line":71,"column":27},"end":{"line":71,"column":60}},"30":{"start":{"line":72,"column":27},"end":{"line":72,"column":40}},"31":{"start":{"line":74,"column":28},"end":{"line":83,"column":null}},"32":{"start":{"line":85,"column":2},"end":{"line":85,"column":null}},"33":{"start":{"line":86,"column":2},"end":{"line":86,"column":null}}},"fnMap":{"0":{"name":"compressImage","decl":{"start":{"line":10,"column":22},"end":{"line":10,"column":null}},"loc":{"start":{"line":14,"column":17},"end":{"line":56,"column":null}},"line":14},"1":{"name":"(anonymous_1)","decl":{"start":{"line":15,"column":13},"end":{"line":15,"column":22}},"loc":{"start":{"line":15,"column":42},"end":{"line":56,"column":null}},"line":15},"2":{"name":"(anonymous_2)","decl":{"start":{"line":19,"column":8},"end":{"line":19,"column":23}},"loc":{"start":{"line":19,"column":23},"end":{"line":47,"column":null}},"line":19},"3":{"name":"(anonymous_3)","decl":{"start":{"line":40,"column":13},"end":{"line":40,"column":null}},"loc":{"start":{"line":41,"column":18},"end":{"line":45,"column":null}},"line":41},"4":{"name":"(anonymous_4)","decl":{"start":{"line":50,"column":8},"end":{"line":50,"column":24}},"loc":{"start":{"line":50,"column":24},"end":{"line":52,"column":null}},"line":50},"5":{"name":"capturePhoto","decl":{"start":{"line":62,"column":22},"end":{"line":62,"column":35}},"loc":{"start":{"line":66,"column":24},"end":{"line":86,"column":null}},"line":66},"6":{"name":"(anonymous_6)","decl":{"start":{"line":71,"column":13},"end":{"line":71,"column":21}},"loc":{"start":{"line":71,"column":27},"end":{"line":71,"column":60}},"line":71},"7":{"name":"(anonymous_7)","decl":{"start":{"line":72,"column":13},"end":{"line":72,"column":21}},"loc":{"start":{"line":72,"column":27},"end":{"line":72,"column":40}},"line":72}},"branchMap":{"0":{"loc":{"start":{"line":12,"column":2},"end":{"line":12,"column":null}},"type":"default-arg","locations":[{"start":{"line":12,"column":13},"end":{"line":12,"column":null}}],"line":12},"1":{"loc":{"start":{"line":13,"column":2},"end":{"line":13,"column":null}},"type":"default-arg","locations":[{"start":{"line":13,"column":12},"end":{"line":13,"column":null}}],"line":13},"2":{"loc":{"start":{"line":23,"column":6},"end":{"line":25,"column":null}},"type":"if","locations":[{"start":{"line":23,"column":6},"end":{"line":25,"column":null}},{"start":{},"end":{}}],"line":23},"3":{"loc":{"start":{"line":33,"column":6},"end":{"line":35,"column":null}},"type":"if","locations":[{"start":{"line":33,"column":6},"end":{"line":35,"column":null}},{"start":{},"end":{}}],"line":33},"4":{"loc":{"start":{"line":42,"column":10},"end":{"line":43,"column":null}},"type":"if","locations":[{"start":{"line":42,"column":10},"end":{"line":43,"column":null}},{"start":{"line":43,"column":15},"end":{"line":43,"column":null}}],"line":42},"5":{"loc":{"start":{"line":70,"column":24},"end":{"line":72,"column":40}},"type":"cond-expr","locations":[{"start":{"line":71,"column":6},"end":{"line":71,"column":60}},{"start":{"line":72,"column":6},"end":{"line":72,"column":40}}],"line":70}},"s":{"0":1,"1":9,"2":9,"3":9,"4":9,"5":8,"6":8,"7":8,"8":1,"9":1,"10":8,"11":8,"12":8,"13":8,"14":8,"15":1,"16":1,"17":7,"18":7,"19":7,"20":6,"21":1,"22":9,"23":1,"24":1,"25":9,"26":3,"27":3,"28":3,"29":2,"30":2,"31":3,"32":3,"33":3},"f":{"0":9,"1":9,"2":8,"3":7,"4":1,"5":3,"6":2,"7":2},"b":{"0":[9],"1":[9],"2":[1,7],"3":[1,7],"4":[6,1],"5":[2,1]},"meta":{"lastBranch":6,"lastFunction":8,"lastStatement":34,"seen":{"s:1:0:1:Infinity":0,"f:10:22:10:Infinity":0,"b:12:13:12:Infinity":0,"b:13:12:13:Infinity":1,"s:15:2:56:Infinity":1,"f:15:13:15:22":1,"s:16:16:16:27":2,"s:17:16:17:41":3,"s:19:4:47:Infinity":4,"f:19:8:19:23":2,"s:20:6:20:Infinity":5,"s:22:30:22:Infinity":6,"b:23:6:25:Infinity:undefined:undefined:undefined:undefined":2,"s:23:6:25:Infinity":7,"s:24:8:24:Infinity":8,"s:25:8:25:Infinity":9,"s:28:21:28:53":10,"s:29:6:29:Infinity":11,"s:30:6:30:Infinity":12,"s:32:18:32:41":13,"b:33:6:35:Infinity:undefined:undefined:undefined:undefined":3,"s:33:6:35:Infinity":14,"s:34:8:34:Infinity":15,"s:35:8:35:Infinity":16,"s:38:6:38:Infinity":17,"s:40:6:47:Infinity":18,"f:40:13:40:Infinity":3,"b:42:10:43:Infinity:43:15:43:Infinity":4,"s:42:10:43:Infinity":19,"s:42:20:42:Infinity":20,"s:43:15:43:Infinity":21,"s:50:4:52:Infinity":22,"f:50:8:50:24":4,"s:51:6:51:Infinity":23,"s:52:6:52:Infinity":24,"s:55:4:55:Infinity":25,"f:62:22:62:35":5,"s:67:15:67:47":26,"s:69:17:69:55":27,"s:70:24:72:40":28,"b:71:6:71:60:72:6:72:40":5,"f:71:13:71:21":6,"s:71:27:71:60":29,"f:72:13:72:21":7,"s:72:27:72:40":30,"s:74:28:83:Infinity":31,"s:85:2:85:Infinity":32,"s:86:2:86:Infinity":33}}}
,"/Users/juanjosemarinelli/repositories/vindex/src/offline/sync.ts": {"path":"/Users/juanjosemarinelli/repositories/vindex/src/offline/sync.ts","statementMap":{"0":{"start":{"line":1,"column":0},"end":{"line":1,"column":null}},"1":{"start":{"line":11,"column":16},"end":{"line":11,"column":40}},"2":{"start":{"line":13,"column":2},"end":{"line":25,"column":null}},"3":{"start":{"line":14,"column":4},"end":{"line":25,"column":null}},"4":{"start":{"line":15,"column":6},"end":{"line":21,"column":null}},"5":{"start":{"line":16,"column":23},"end":{"line":16,"column":62}},"6":{"start":{"line":17,"column":8},"end":{"line":21,"column":null}},"7":{"start":{"line":18,"column":10},"end":{"line":18,"column":null}},"8":{"start":{"line":19,"column":19},"end":{"line":21,"column":null}},"9":{"start":{"line":21,"column":10},"end":{"line":21,"column":null}}},"fnMap":{"0":{"name":"processQueue","decl":{"start":{"line":10,"column":22},"end":{"line":10,"column":52}},"loc":{"start":{"line":10,"column":52},"end":{"line":25,"column":null}},"line":10}},"branchMap":{"0":{"loc":{"start":{"line":15,"column":6},"end":{"line":21,"column":null}},"type":"if","locations":[{"start":{"line":15,"column":6},"end":{"line":21,"column":null}},{"start":{},"end":{}}],"line":15},"1":{"loc":{"start":{"line":17,"column":8},"end":{"line":21,"column":null}},"type":"if","locations":[{"start":{"line":17,"column":8},"end":{"line":21,"column":null}},{"start":{"line":19,"column":19},"end":{"line":21,"column":null}}],"line":17},"2":{"loc":{"start":{"line":17,"column":12},"end":{"line":17,"column":53}},"type":"binary-expr","locations":[{"start":{"line":17,"column":12},"end":{"line":17,"column":30}},{"start":{"line":17,"column":30},"end":{"line":17,"column":53}}],"line":17},"3":{"loc":{"start":{"line":19,"column":19},"end":{"line":21,"column":null}},"type":"if","locations":[{"start":{"line":19,"column":19},"end":{"line":21,"column":null}},{"start":{},"end":{}}],"line":19},"4":{"loc":{"start":{"line":19,"column":19},"end":{"line":19,"column":63}},"type":"binary-expr","locations":[{"start":{"line":19,"column":19},"end":{"line":19,"column":40}},{"start":{"line":19,"column":40},"end":{"line":19,"column":63}}],"line":19}},"s":{"0":1,"1":8,"2":8,"3":8,"4":8,"5":7,"6":6,"7":2,"8":4,"9":1},"f":{"0":8},"b":{"0":[7,1],"1":[2,4],"2":[6,3],"3":[1,3],"4":[4,2]},"meta":{"lastBranch":5,"lastFunction":1,"lastStatement":10,"seen":{"s:1:0:1:Infinity":0,"f:10:22:10:52":0,"s:11:16:11:40":1,"s:13:2:25:Infinity":2,"s:14:4:25:Infinity":3,"b:15:6:21:Infinity:undefined:undefined:undefined:undefined":0,"s:15:6:21:Infinity":4,"s:16:23:16:62":5,"b:17:8:21:Infinity:19:19:21:Infinity":1,"s:17:8:21:Infinity":6,"b:17:12:17:30:17:30:17:53":2,"s:18:10:18:Infinity":7,"b:19:19:21:Infinity:undefined:undefined:undefined:undefined":3,"s:19:19:21:Infinity":8,"b:19:19:19:40:19:40:19:63":4,"s:21:10:21:Infinity":9}}}
}
